03-Sep-2021 19:42:26.969 INFO [main] jdk.internal.reflect.NativeMethodAccessorImpl.invoke Server version name:   Apache Tomcat (TomEE)/9.0.30 (8.0.1)
03-Sep-2021 19:42:26.970 INFO [main] jdk.internal.reflect.NativeMethodAccessorImpl.invoke Server built:          Dec 7 2019 16:42:04 UTC
03-Sep-2021 19:42:26.971 INFO [main] jdk.internal.reflect.NativeMethodAccessorImpl.invoke Server version number: 9.0.30.0
03-Sep-2021 19:42:26.971 INFO [main] jdk.internal.reflect.NativeMethodAccessorImpl.invoke OS Name:               Windows 10
03-Sep-2021 19:42:26.971 INFO [main] jdk.internal.reflect.NativeMethodAccessorImpl.invoke OS Version:            10.0
03-Sep-2021 19:42:26.971 INFO [main] jdk.internal.reflect.NativeMethodAccessorImpl.invoke Architecture:          amd64
03-Sep-2021 19:42:26.971 INFO [main] jdk.internal.reflect.NativeMethodAccessorImpl.invoke Java Home:             C:\Program Files\Java\jdk-11.0.11
03-Sep-2021 19:42:26.971 INFO [main] jdk.internal.reflect.NativeMethodAccessorImpl.invoke JVM Version:           11.0.11+9-LTS-194
03-Sep-2021 19:42:26.971 INFO [main] jdk.internal.reflect.NativeMethodAccessorImpl.invoke JVM Vendor:            Oracle Corporation
03-Sep-2021 19:42:26.971 INFO [main] jdk.internal.reflect.NativeMethodAccessorImpl.invoke CATALINA_BASE:         C:\tools\apache-tomee-8.0.1-webprofile\apache-tomee-webprofile-8.0.1
03-Sep-2021 19:42:26.971 INFO [main] jdk.internal.reflect.NativeMethodAccessorImpl.invoke CATALINA_HOME:         C:\tools\apache-tomee-8.0.1-webprofile\apache-tomee-webprofile-8.0.1
03-Sep-2021 19:42:26.988 INFO [main] jdk.internal.reflect.NativeMethodAccessorImpl.invoke Command line argument: --add-opens=java.base/java.lang=ALL-UNNAMED
03-Sep-2021 19:42:26.988 INFO [main] jdk.internal.reflect.NativeMethodAccessorImpl.invoke Command line argument: --add-opens=java.base/java.io=ALL-UNNAMED
03-Sep-2021 19:42:26.989 INFO [main] jdk.internal.reflect.NativeMethodAccessorImpl.invoke Command line argument: --add-opens=java.rmi/sun.rmi.transport=ALL-UNNAMED
03-Sep-2021 19:42:26.989 INFO [main] jdk.internal.reflect.NativeMethodAccessorImpl.invoke Command line argument: -Djava.util.logging.config.file=C:\tools\apache-tomee-8.0.1-webprofile\apache-tomee-webprofile-8.0.1\conf\logging.properties
03-Sep-2021 19:42:26.990 INFO [main] jdk.internal.reflect.NativeMethodAccessorImpl.invoke Command line argument: -Djava.util.logging.manager=org.apache.juli.ClassLoaderLogManager
03-Sep-2021 19:42:26.990 INFO [main] jdk.internal.reflect.DelegatingMethodAccessorImpl.invoke Command line argument: -javaagent:C:\tools\apache-tomee-8.0.1-webprofile\apache-tomee-webprofile-8.0.1\lib\openejb-javaagent.jar
03-Sep-2021 19:42:26.990 INFO [main] jdk.internal.reflect.DelegatingMethodAccessorImpl.invoke Command line argument: -Djdk.tls.ephemeralDHKeySize=2048
03-Sep-2021 19:42:26.990 INFO [main] jdk.internal.reflect.DelegatingMethodAccessorImpl.invoke Command line argument: -Djava.protocol.handler.pkgs=org.apache.catalina.webresources
03-Sep-2021 19:42:26.990 INFO [main] jdk.internal.reflect.DelegatingMethodAccessorImpl.invoke Command line argument: -Dignore.endorsed.dirs=
03-Sep-2021 19:42:26.991 INFO [main] jdk.internal.reflect.DelegatingMethodAccessorImpl.invoke Command line argument: -Dcatalina.base=C:\tools\apache-tomee-8.0.1-webprofile\apache-tomee-webprofile-8.0.1
03-Sep-2021 19:42:26.991 INFO [main] jdk.internal.reflect.DelegatingMethodAccessorImpl.invoke Command line argument: -Dcatalina.home=C:\tools\apache-tomee-8.0.1-webprofile\apache-tomee-webprofile-8.0.1
03-Sep-2021 19:42:26.991 INFO [main] jdk.internal.reflect.DelegatingMethodAccessorImpl.invoke Command line argument: -Djava.io.tmpdir=C:\tools\apache-tomee-8.0.1-webprofile\apache-tomee-webprofile-8.0.1\temp
03-Sep-2021 19:42:26.991 INFO [main] jdk.internal.reflect.DelegatingMethodAccessorImpl.invoke The APR based Apache Tomcat Native library which allows optimal performance in production environments was not found on the java.library.path: [C:\Program Files\Java\jdk-11.0.11\bin;C:\WINDOWS\Sun\Java\bin;C:\WINDOWS\system32;C:\WINDOWS;C:\Program Files (x86)\Microsoft SDKs\Azure\CLI2\wbin;C:\Program Files\Microsoft MPI\Bin\;C:\WINDOWS\system32;C:\WINDOWS;C:\WINDOWS\System32\Wbem;C:\WINDOWS\System32\WindowsPowerShell\v1.0\;C:\Program Files\dotnet\;C:\Program Files\Microsoft SQL Server\130\Tools\Binn\;C:\Program Files (x86)\Microsoft SQL Server\140\Tools\Binn\;C:\Program Files\Microsoft SQL Server\140\Tools\Binn\;C:\Program Files (x86)\Microsoft SQL Server\140\DTS\Binn\;C:\Program Files\Microsoft SQL Server\140\DTS\Binn\;C:\Program Files\Microsoft SQL Server\Client SDK\ODBC\130\Tools\Binn\;C:\Program Files (x86)\Microsoft SQL Server\Client SDK\ODBC\130\Tools\Binn\;C:\Program Files (x86)\Microsoft SQL Server\140\Tools\Binn\ManagementStudio\;C:\WINDOWS\System32\OpenSSH\;C:\Program Files (x86)\Microsoft SQL Server\150\DTS\Binn\;C:\Program Files\Microsoft SQL Server\Client SDK\ODBC\170\Tools\Binn\;C:\Program Files (x86)\Microsoft SQL Server\110\DTS\Binn\;C:\Program Files (x86)\Microsoft SQL Server\120\DTS\Binn\;C:\Program Files (x86)\Microsoft SQL Server\130\DTS\Binn\;C:\Program Files\Zulu\zulu-11\bin\;C:\Program Files\Java\jdk-11.0.11\bin;C:\Program Files (x86)\Microsoft SQL Server\150\Tools\Binn\;C:\Program Files\Microsoft SQL Server\150\Tools\Binn\;C:\Program Files\Microsoft SQL Server\150\DTS\Binn\;C:\Program Files\VisualSVN Server\bin;C:\Program Files\TortoiseSVN\bin;C:\Program Files (x86)\dotnet\;C:\Program Files\Docker\Docker\resources\bin;C:\ProgramData\DockerDesktop\version-bin;C:\Program Files (x86)\Microsoft SQL Server\110\Tools\Binn\;C:\Program Files\Microsoft SQL Server\110\Tools\Binn\;C:\Program Files\Microsoft SQL Server\110\DTS\Binn\;C:\Program Files\MySQL\MySQL Shell 8.0\bin\;C:\Users\brett\AppData\Local\Microsoft\WindowsApps;C:\Users\brett\AppData\Local\GitHubDesktop\bin;C:\Users\brett\AppData\Local\Microsoft\WindowsApps;C:\Users\brett\.dotnet\tools;C:\Users\brett\.dotnet\tools;C:\Users\brett\AppData\Local\Programs\Microsoft VS Code\bin;.]
03-Sep-2021 19:42:27.486 INFO [main] jdk.internal.reflect.DelegatingMethodAccessorImpl.invoke Initializing ProtocolHandler ["http-nio-8080"]
03-Sep-2021 19:42:28.018 SEVERE [main] jdk.internal.reflect.NativeMethodAccessorImpl.invoke Failed to initialize component [Connector[HTTP/1.1-8080]]
	org.apache.catalina.LifecycleException: Protocol handler initialization failed
		at org.apache.catalina.connector.Connector.initInternal(Connector.java:983)
		at org.apache.catalina.util.LifecycleBase.init(LifecycleBase.java:136)
		at org.apache.catalina.core.StandardService.initInternal(StandardService.java:533)
		at org.apache.catalina.util.LifecycleBase.init(LifecycleBase.java:136)
		at org.apache.catalina.core.StandardServer.initInternal(StandardServer.java:1057)
		at org.apache.catalina.util.LifecycleBase.init(LifecycleBase.java:136)
		at org.apache.catalina.startup.Catalina.load(Catalina.java:584)
		at org.apache.catalina.startup.Catalina.load(Catalina.java:607)
		at java.base/jdk.internal.reflect.NativeMethodAccessorImpl.invoke0(Native Method)
		at java.base/jdk.internal.reflect.NativeMethodAccessorImpl.invoke(NativeMethodAccessorImpl.java:62)
		at java.base/jdk.internal.reflect.DelegatingMethodAccessorImpl.invoke(DelegatingMethodAccessorImpl.java:43)
		at java.base/java.lang.reflect.Method.invoke(Method.java:566)
		at org.apache.catalina.startup.Bootstrap.load(Bootstrap.java:303)
		at org.apache.catalina.startup.Bootstrap.main(Bootstrap.java:473)
	Caused by: java.net.BindException: Address already in use: bind
		at java.base/sun.nio.ch.Net.bind0(Native Method)
		at java.base/sun.nio.ch.Net.bind(Net.java:455)
		at java.base/sun.nio.ch.Net.bind(Net.java:447)
		at java.base/sun.nio.ch.ServerSocketChannelImpl.bind(ServerSocketChannelImpl.java:227)
		at java.base/sun.nio.ch.ServerSocketAdaptor.bind(ServerSocketAdaptor.java:80)
		at org.apache.tomcat.util.net.NioEndpoint.initServerSocket(NioEndpoint.java:229)
		at org.apache.tomcat.util.net.NioEndpoint.bind(NioEndpoint.java:212)
		at org.apache.tomcat.util.net.AbstractEndpoint.bindWithCleanup(AbstractEndpoint.java:1141)
		at org.apache.tomcat.util.net.AbstractEndpoint.init(AbstractEndpoint.java:1154)
		at org.apache.coyote.AbstractProtocol.init(AbstractProtocol.java:575)
		at org.apache.coyote.http11.AbstractHttp11Protocol.init(AbstractHttp11Protocol.java:74)
		at org.apache.catalina.connector.Connector.initInternal(Connector.java:980)
		... 13 more
03-Sep-2021 19:42:28.019 INFO [main] jdk.internal.reflect.DelegatingMethodAccessorImpl.invoke Initializing ProtocolHandler ["ajp-nio-8009"]
03-Sep-2021 19:42:28.463 INFO [main] org.apache.openejb.util.OptionsLog.info Using 'openejb.jdbc.datasource-creator=org.apache.tomee.jdbc.TomEEDataSourceCreator'
03-Sep-2021 19:42:28.599 INFO [main] org.apache.openejb.OpenEJB$Instance.<init> ********************************************************************************
03-Sep-2021 19:42:28.599 INFO [main] org.apache.openejb.OpenEJB$Instance.<init> OpenEJB http://tomee.apache.org/
03-Sep-2021 19:42:28.599 INFO [main] org.apache.openejb.OpenEJB$Instance.<init> Startup: Fri Sep 03 19:42:28 CST 2021
03-Sep-2021 19:42:28.600 INFO [main] org.apache.openejb.OpenEJB$Instance.<init> Copyright 1999-2018 (C) Apache OpenEJB Project, All Rights Reserved.
03-Sep-2021 19:42:28.600 INFO [main] org.apache.openejb.OpenEJB$Instance.<init> Version: 8.0.1
03-Sep-2021 19:42:28.600 INFO [main] org.apache.openejb.OpenEJB$Instance.<init> Build date: 20200107
03-Sep-2021 19:42:28.600 INFO [main] org.apache.openejb.OpenEJB$Instance.<init> Build time: 02:43
03-Sep-2021 19:42:28.600 INFO [main] org.apache.openejb.OpenEJB$Instance.<init> ********************************************************************************
03-Sep-2021 19:42:28.600 INFO [main] org.apache.openejb.OpenEJB$Instance.<init> openejb.home = C:\tools\apache-tomee-8.0.1-webprofile\apache-tomee-webprofile-8.0.1
03-Sep-2021 19:42:28.600 INFO [main] org.apache.openejb.OpenEJB$Instance.<init> openejb.base = C:\tools\apache-tomee-8.0.1-webprofile\apache-tomee-webprofile-8.0.1
03-Sep-2021 19:42:28.607 INFO [main] org.apache.openejb.cdi.CdiBuilder.initializeOWB Created new singletonService org.apache.openejb.cdi.ThreadSingletonServiceImpl@7fe7c640
03-Sep-2021 19:42:28.611 INFO [main] org.apache.openejb.cdi.CdiBuilder.initializeOWB Succeeded in installing singleton service
03-Sep-2021 19:42:28.657 INFO [main] org.apache.openejb.config.ConfigurationFactory.init TomEE configuration file is 'C:\tools\apache-tomee-8.0.1-webprofile\apache-tomee-webprofile-8.0.1\conf\tomee.xml'
03-Sep-2021 19:42:28.748 INFO [main] org.apache.openejb.config.ConfigurationFactory.configureService Configuring Service(id=Tomcat Security Service, type=SecurityService, provider-id=Tomcat Security Service)
03-Sep-2021 19:42:28.751 INFO [main] org.apache.openejb.config.ConfigurationFactory.configureService Configuring Service(id=Default Transaction Manager, type=TransactionManager, provider-id=Default Transaction Manager)
03-Sep-2021 19:42:28.756 INFO [main] org.apache.openejb.util.OptionsLog.info Using 'openejb.deployments.classpath=false'
03-Sep-2021 19:42:28.762 INFO [main] org.apache.openejb.assembler.classic.Assembler.createRecipe Creating TransactionManager(id=Default Transaction Manager)
03-Sep-2021 19:42:28.860 INFO [main] org.apache.openejb.assembler.classic.Assembler.createRecipe Creating SecurityService(id=Tomcat Security Service)
03-Sep-2021 19:42:28.990 INFO [main] org.apache.openejb.server.ServiceManager.initServer Creating ServerService(id=cxf-rs)
03-Sep-2021 19:42:29.308 INFO [main] org.apache.openejb.server.SimpleServiceManager.start   ** Bound Services **
03-Sep-2021 19:42:29.308 INFO [main] org.apache.openejb.server.SimpleServiceManager.printRow   NAME                 IP              PORT  
03-Sep-2021 19:42:29.308 INFO [main] org.apache.openejb.server.SimpleServiceManager.start -------
03-Sep-2021 19:42:29.308 INFO [main] org.apache.openejb.server.SimpleServiceManager.start Ready!
03-Sep-2021 19:42:29.310 INFO [main] jdk.internal.reflect.DelegatingMethodAccessorImpl.invoke Server initialization in [2,725] milliseconds
03-Sep-2021 19:42:29.426 INFO [main] org.apache.tomee.catalina.OpenEJBNamingContextListener.bindResource Importing a Tomcat Resource with id 'UserDatabase' of type 'org.apache.catalina.UserDatabase'.
03-Sep-2021 19:42:29.427 INFO [main] org.apache.openejb.assembler.classic.Assembler.createRecipe Creating Resource(id=UserDatabase)
03-Sep-2021 19:42:29.492 INFO [main] jdk.internal.reflect.DelegatingMethodAccessorImpl.invoke Starting service [Catalina]
03-Sep-2021 19:42:29.493 INFO [main] jdk.internal.reflect.DelegatingMethodAccessorImpl.invoke Starting Servlet engine: [Apache Tomcat (TomEE)/9.0.30 (8.0.1)]
03-Sep-2021 19:42:29.581 INFO [main] jdk.internal.reflect.DelegatingMethodAccessorImpl.invoke Deploying web application archive [C:\tools\apache-tomee-8.0.1-webprofile\apache-tomee-webprofile-8.0.1\webapps\myweb.war]
03-Sep-2021 19:42:29.598 INFO [main] org.apache.tomee.catalina.TomcatWebAppBuilder.init ------------------------- localhost -> /myweb
03-Sep-2021 19:42:40.599 INFO [main] org.apache.openejb.config.ConfigurationFactory.configureApplication Configuring enterprise application: C:\tools\apache-tomee-8.0.1-webprofile\apache-tomee-webprofile-8.0.1\webapps\myweb
03-Sep-2021 19:43:20.242 SEVERE [main] jdk.internal.reflect.NativeMethodAccessorImpl.invoke Could not contact [localhost:8005] (base port [8005] and offset [0]). Tomcat may not be running.
03-Sep-2021 19:42:41.526 INFO [main] org.apache.openejb.config.InitEjbDeployments.deploy Auto-deploying ejb OrdersService: EjbDeployment(deployment-id=OrdersService)
03-Sep-2021 19:42:41.533 INFO [main] org.apache.openejb.config.ConfigurationFactory.configureService Configuring Service(id=Default Singleton Container, type=Container, provider-id=Default Singleton Container)
03-Sep-2021 19:42:41.534 INFO [main] org.apache.openejb.config.AutoConfig.createContainer Auto-creating a container for bean OrdersService: Container(type=SINGLETON, id=Default Singleton Container)
03-Sep-2021 19:42:41.534 INFO [main] org.apache.openejb.assembler.classic.Assembler.createRecipe Creating Container(id=Default Singleton Container)
03-Sep-2021 19:42:41.595 INFO [main] org.apache.openejb.config.ConfigurationFactory.configureService Configuring Service(id=Default Managed Container, type=Container, provider-id=Default Managed Container)
03-Sep-2021 19:42:41.596 INFO [main] org.apache.openejb.config.AutoConfig.createContainer Auto-creating a container for bean myweb.Comp392797749: Container(type=MANAGED, id=Default Managed Container)
03-Sep-2021 19:42:41.596 INFO [main] org.apache.openejb.assembler.classic.Assembler.createRecipe Creating Container(id=Default Managed Container)
03-Sep-2021 19:42:41.620 INFO [main] org.apache.openejb.core.managed.SimplePassivater.init Using directory C:\tools\apache-tomee-8.0.1-webprofile\apache-tomee-webprofile-8.0.1\temp for stateful session passivation
03-Sep-2021 19:42:41.700 INFO [main] org.apache.openejb.config.AppInfoBuilder.build Enterprise application "C:\tools\apache-tomee-8.0.1-webprofile\apache-tomee-webprofile-8.0.1\webapps\myweb" loaded.
03-Sep-2021 19:42:41.708 INFO [main] org.apache.openejb.assembler.classic.Assembler.createApplication Assembling app: C:\tools\apache-tomee-8.0.1-webprofile\apache-tomee-webprofile-8.0.1\webapps\myweb
03-Sep-2021 19:42:41.906 INFO [main] org.apache.openejb.assembler.classic.JndiBuilder.bind Jndi(name=OrdersServiceLocalBean) --> Ejb(deployment-id=OrdersService)
03-Sep-2021 19:42:41.906 INFO [main] org.apache.openejb.assembler.classic.JndiBuilder.bind Jndi(name=global/myweb/OrdersService!com.gjun.service.OrdersService) --> Ejb(deployment-id=OrdersService)
03-Sep-2021 19:42:41.908 INFO [main] org.apache.openejb.assembler.classic.JndiBuilder.bind Jndi(name=global/myweb/OrdersService) --> Ejb(deployment-id=OrdersService)
03-Sep-2021 19:42:41.984 INFO [main] org.apache.openejb.cdi.CdiBuilder.initSingleton Existing thread singleton service in SystemInstance(): org.apache.openejb.cdi.ThreadSingletonServiceImpl@7fe7c640
03-Sep-2021 19:42:42.192 INFO [main] org.apache.openejb.cdi.ManagedSecurityService.<init> Some Principal APIs could not be loaded: org.eclipse.microprofile.jwt.JsonWebToken out of org.eclipse.microprofile.jwt.JsonWebToken not found
03-Sep-2021 19:42:42.250 INFO [main] org.apache.openejb.cdi.OpenEJBLifecycle.startApplication OpenWebBeans Container is starting...
03-Sep-2021 19:42:42.267 INFO [main] org.apache.webbeans.plugins.PluginLoader.startUp Adding OpenWebBeansPlugin : [CdiPlugin]
03-Sep-2021 19:42:42.276 INFO [main] org.apache.openejb.cdi.CdiScanner.handleBda Using annotated mode for file:/C:/tools/apache-tomee-8.0.1-webprofile/apache-tomee-webprofile-8.0.1/webapps/myweb/WEB-INF/classes/ looking all classes to find CDI beans, maybe think to add a beans.xml if not there or add the jar to exclusions.list
03-Sep-2021 19:42:43.033 INFO [main] org.apache.webbeans.config.BeansDeployer.validateInjectionPoints All injection points were validated successfully.
03-Sep-2021 19:42:43.058 INFO [main] org.apache.openejb.cdi.OpenEJBLifecycle.startApplication OpenWebBeans Container has started, it took 806 ms.
03-Sep-2021 19:42:43.117 INFO [main] org.apache.openejb.assembler.classic.Assembler.startEjbs Created Ejb(deployment-id=OrdersService, ejb-name=OrdersService, container=Default Singleton Container)
03-Sep-2021 19:42:43.118 INFO [main] org.apache.openejb.assembler.classic.Assembler.startEjbs Started Ejb(deployment-id=OrdersService, ejb-name=OrdersService, container=Default Singleton Container)
03-Sep-2021 19:42:43.122 INFO [main] org.apache.openejb.assembler.classic.Assembler.createApplication Deployed Application(path=C:\tools\apache-tomee-8.0.1-webprofile\apache-tomee-webprofile-8.0.1\webapps\myweb)
03-Sep-2021 19:42:43.959 INFO [main] org.apache.myfaces.ee.MyFacesContainerInitializer.onStartup Using org.apache.myfaces.ee.MyFacesContainerInitializer
03-Sep-2021 19:42:44.068 INFO [main] org.apache.myfaces.ee.MyFacesContainerInitializer.onStartup Added FacesServlet with mappings=[/faces/*, *.jsf, *.faces, *.xhtml]
03-Sep-2021 19:42:44.454 INFO [main] org.apache.jasper.servlet.TldScanner.scanJars At least one JAR was scanned for TLDs yet contained no TLDs. Enable debug logging for this logger for a complete list of JARs that were scanned but no TLDs were found in them. Skipping unneeded JARs during scanning can improve startup time and JSP compilation time.
03-Sep-2021 19:42:44.490 INFO [main] org.apache.tomee.myfaces.TomEEMyFacesContainerInitializer.addListener Installing <listener>org.apache.myfaces.webapp.StartupServletContextListener</listener>
03-Sep-2021 19:43:27.339 INFO [main] org.apache.myfaces.config.DefaultFacesConfigurationProvider.getStandardFacesConfig Reading standard config META-INF/standard-faces-config.xml
03-Sep-2021 19:43:27.773 INFO [main] org.apache.myfaces.config.DefaultFacesConfigurationProvider.getClassloaderFacesConfig Reading config : jar:file:/C:/tools/apache-tomee-8.0.1-webprofile/apache-tomee-webprofile-8.0.1/lib/openwebbeans-el22-2.0.12.jar!/META-INF/faces-config.xml
03-Sep-2021 19:43:27.776 INFO [main] org.apache.myfaces.config.DefaultFacesConfigurationProvider.getClassloaderFacesConfig Reading config : jar:file:/C:/tools/apache-tomee-8.0.1-webprofile/apache-tomee-webprofile-8.0.1/lib/openwebbeans-jsf-2.0.12.jar!/META-INF/faces-config.xml
03-Sep-2021 19:43:28.504 INFO [main] org.apache.myfaces.config.LogMetaInfUtils.logArtifact Artifact 'myfaces-api' was found in version '2.3.6' from path 'file:/C:/tools/apache-tomee-8.0.1-webprofile/apache-tomee-webprofile-8.0.1/lib/myfaces-api-2.3.6.jar'
03-Sep-2021 19:43:28.505 INFO [main] org.apache.myfaces.config.LogMetaInfUtils.logArtifact Artifact 'myfaces-impl' was found in version '2.3.6' from path 'file:/C:/tools/apache-tomee-8.0.1-webprofile/apache-tomee-webprofile-8.0.1/lib/myfaces-impl-2.3.6.jar'
03-Sep-2021 19:43:28.543 INFO [main] org.apache.myfaces.util.ExternalSpecifications.isCDIAvailable MyFaces CDI support enabled
03-Sep-2021 19:43:28.549 INFO [main] org.apache.myfaces.spi.impl.DefaultInjectionProviderFactory.getInjectionProvider Using InjectionProvider org.apache.myfaces.spi.impl.CDIAnnotationDelegateInjectionProvider
03-Sep-2021 19:43:28.739 INFO [main] org.apache.myfaces.util.ExternalSpecifications.isBeanValidationAvailable MyFaces Bean Validation support enabled
03-Sep-2021 19:43:29.614 INFO [main] org.apache.myfaces.application.ApplicationImpl.getProjectStage Couldn't discover the current project stage, using Production
03-Sep-2021 19:43:29.616 INFO [main] org.apache.myfaces.config.FacesConfigurator.handleSerialFactory Serialization provider : class org.apache.myfaces.shared_impl.util.serial.DefaultSerialFactory
03-Sep-2021 19:43:29.626 INFO [main] org.apache.myfaces.config.annotation.DefaultLifecycleProviderFactory.getLifecycleProvider Using LifecycleProvider org.apache.myfaces.config.annotation.Tomcat7AnnotationLifecycleProvider
03-Sep-2021 19:43:29.683 INFO [main] org.apache.myfaces.webapp.AbstractFacesInitializer.initFaces ServletContext initialized.
03-Sep-2021 19:43:29.693 INFO [main] org.apache.myfaces.view.facelets.ViewPoolProcessor.initialize org.apache.myfaces.CACHE_EL_EXPRESSIONS web config parameter is set to "noCache". To enable view pooling this param must be set to "alwaysRecompile". View Pooling disabled.
03-Sep-2021 19:43:29.732 INFO [main] org.apache.myfaces.webapp.StartupServletContextListener.contextInitialized MyFaces Core has started, it took [2569] ms.
03-Sep-2021 19:43:30.186 INFO [main] org.apache.openejb.server.cxf.rs.CxfRsHttpListener.deployApplication Using readers:
03-Sep-2021 19:43:30.186 INFO [main] org.apache.openejb.server.cxf.rs.CxfRsHttpListener.deployApplication      org.apache.cxf.jaxrs.provider.PrimitiveTextProvider@7169c184
03-Sep-2021 19:43:30.186 INFO [main] org.apache.openejb.server.cxf.rs.CxfRsHttpListener.deployApplication      org.apache.cxf.jaxrs.provider.FormEncodingProvider@269e7c66
03-Sep-2021 19:43:30.186 INFO [main] org.apache.openejb.server.cxf.rs.CxfRsHttpListener.deployApplication      org.apache.cxf.jaxrs.provider.MultipartProvider@209ccf62
03-Sep-2021 19:43:30.187 INFO [main] org.apache.openejb.server.cxf.rs.CxfRsHttpListener.deployApplication      org.apache.cxf.jaxrs.provider.SourceProvider@117eac4a
03-Sep-2021 19:43:30.187 INFO [main] org.apache.openejb.server.cxf.rs.CxfRsHttpListener.deployApplication      org.apache.cxf.jaxrs.provider.JAXBElementTypedProvider@cdb12a5
03-Sep-2021 19:43:30.187 INFO [main] org.apache.openejb.server.cxf.rs.CxfRsHttpListener.deployApplication      org.apache.cxf.jaxrs.provider.JAXBElementProvider@59732214
03-Sep-2021 19:43:30.187 INFO [main] org.apache.openejb.server.cxf.rs.CxfRsHttpListener.deployApplication      org.apache.openejb.server.cxf.rs.johnzon.TomEEJsonbProvider@6d692034
03-Sep-2021 19:43:30.187 INFO [main] org.apache.openejb.server.cxf.rs.CxfRsHttpListener.deployApplication      org.apache.openejb.server.cxf.rs.johnzon.TomEEJsonpProvider@35a2255c
03-Sep-2021 19:43:30.187 INFO [main] org.apache.openejb.server.cxf.rs.CxfRsHttpListener.deployApplication      org.apache.cxf.jaxrs.provider.StringTextProvider@6ec6adcc
03-Sep-2021 19:43:30.187 INFO [main] org.apache.openejb.server.cxf.rs.CxfRsHttpListener.deployApplication      org.apache.cxf.jaxrs.provider.BinaryDataProvider@277a1185
03-Sep-2021 19:43:30.187 INFO [main] org.apache.openejb.server.cxf.rs.CxfRsHttpListener.deployApplication      org.apache.cxf.jaxrs.provider.DataSourceProvider@1820910f
03-Sep-2021 19:43:30.187 INFO [main] org.apache.openejb.server.cxf.rs.CxfRsHttpListener.deployApplication Using writers:
03-Sep-2021 19:43:30.187 INFO [main] org.apache.openejb.server.cxf.rs.CxfRsHttpListener.deployApplication      org.apache.johnzon.jaxrs.WadlDocumentMessageBodyWriter@3c8cdf92
03-Sep-2021 19:43:30.188 INFO [main] org.apache.openejb.server.cxf.rs.CxfRsHttpListener.deployApplication      org.apache.cxf.jaxrs.nio.NioMessageBodyWriter@67ffbd02
03-Sep-2021 19:43:30.188 INFO [main] org.apache.openejb.server.cxf.rs.CxfRsHttpListener.deployApplication      org.apache.cxf.jaxrs.provider.StringTextProvider@6ec6adcc
03-Sep-2021 19:43:30.188 INFO [main] org.apache.openejb.server.cxf.rs.CxfRsHttpListener.deployApplication      org.apache.cxf.jaxrs.provider.JAXBElementTypedProvider@cdb12a5
03-Sep-2021 19:43:30.188 INFO [main] org.apache.openejb.server.cxf.rs.CxfRsHttpListener.deployApplication      org.apache.cxf.jaxrs.provider.PrimitiveTextProvider@7169c184
03-Sep-2021 19:43:30.188 INFO [main] org.apache.openejb.server.cxf.rs.CxfRsHttpListener.deployApplication      org.apache.cxf.jaxrs.provider.FormEncodingProvider@269e7c66
03-Sep-2021 19:43:30.188 INFO [main] org.apache.openejb.server.cxf.rs.CxfRsHttpListener.deployApplication      org.apache.cxf.jaxrs.provider.MultipartProvider@209ccf62
03-Sep-2021 19:43:30.188 INFO [main] org.apache.openejb.server.cxf.rs.CxfRsHttpListener.deployApplication      org.apache.cxf.jaxrs.provider.SourceProvider@117eac4a
03-Sep-2021 19:43:30.188 INFO [main] org.apache.openejb.server.cxf.rs.CxfRsHttpListener.deployApplication      org.apache.cxf.jaxrs.provider.JAXBElementProvider@59732214
03-Sep-2021 19:43:30.188 INFO [main] org.apache.openejb.server.cxf.rs.CxfRsHttpListener.deployApplication      org.apache.openejb.server.cxf.rs.johnzon.TomEEJsonbProvider@6d692034
03-Sep-2021 19:43:30.188 INFO [main] org.apache.openejb.server.cxf.rs.CxfRsHttpListener.deployApplication      org.apache.openejb.server.cxf.rs.johnzon.TomEEJsonpProvider@35a2255c
03-Sep-2021 19:43:30.189 INFO [main] org.apache.openejb.server.cxf.rs.CxfRsHttpListener.deployApplication      org.apache.cxf.jaxrs.provider.BinaryDataProvider@277a1185
03-Sep-2021 19:43:30.189 INFO [main] org.apache.openejb.server.cxf.rs.CxfRsHttpListener.deployApplication      org.apache.cxf.jaxrs.provider.DataSourceProvider@1820910f
03-Sep-2021 19:43:30.189 INFO [main] org.apache.openejb.server.cxf.rs.CxfRsHttpListener.deployApplication Using exception mappers:
03-Sep-2021 19:43:30.189 INFO [main] org.apache.openejb.server.cxf.rs.CxfRsHttpListener.deployApplication      org.apache.cxf.jaxrs.impl.WebApplicationExceptionMapper@6ae9b2f0
03-Sep-2021 19:43:30.189 INFO [main] org.apache.openejb.server.cxf.rs.CxfRsHttpListener.deployApplication      org.apache.openejb.server.cxf.rs.EJBExceptionMapper@7fef02d9
03-Sep-2021 19:43:30.189 INFO [main] org.apache.openejb.server.cxf.rs.CxfRsHttpListener.deployApplication      org.apache.cxf.jaxrs.validation.ValidationExceptionMapper@3f1870bc
03-Sep-2021 19:43:30.192 INFO [main] org.apache.openejb.server.cxf.rs.CxfRsHttpListener.logEndpoints REST Application: http://localhost:8080/myweb/v1                                                   -> com.gjun.service.MyApplication@49d761c3
03-Sep-2021 19:43:30.197 INFO [main] org.apache.openejb.server.cxf.rs.CxfRsHttpListener.logEndpoints      Service URI: http://localhost:8080/myweb/v1/orders                                            ->  EJB com.gjun.service.OrdersService               
03-Sep-2021 19:43:30.198 INFO [main] org.apache.openejb.server.cxf.rs.CxfRsHttpListener.logEndpoints               GET http://localhost:8080/myweb/v1/orders/instanceno                                 ->      Message getInstanceNumber()    
03-Sep-2021 19:43:30.198 INFO [main] org.apache.openejb.server.cxf.rs.CxfRsHttpListener.logEndpoints               GET http://localhost:8080/myweb/v1/orders/ordersqry                                  ->      Response ordersQry(String, int)
03-Sep-2021 19:43:30.199 INFO [main] org.apache.openejb.server.cxf.rs.CxfRsHttpListener.logEndpoints      Service URI: http://localhost:8080/myweb/v1/customers                                         -> Pojo com.gjun.service.CustomersService            
03-Sep-2021 19:43:30.199 INFO [main] org.apache.openejb.server.cxf.rs.CxfRsHttpListener.logEndpoints               GET http://localhost:8080/myweb/v1/customers/qrybyid                                 ->      String customersQryById(String)           
03-Sep-2021 19:43:30.199 INFO [main] org.apache.openejb.server.cxf.rs.CxfRsHttpListener.logEndpoints               GET http://localhost:8080/myweb/v1/customers/qrycustomers/key/{cid}/rawdata          ->      Response customersQryById2(String, String)
03-Sep-2021 19:43:30.199 INFO [main] org.apache.openejb.server.cxf.rs.CxfRsHttpListener.logEndpoints              POST http://localhost:8080/myweb/v1/customers/customeradd/rawdata                     ->      Message customersAdd(CustomersBean)       
03-Sep-2021 19:43:30.199 INFO [main] org.apache.openejb.server.cxf.rs.CxfRsHttpListener.logEndpoints      Service URI: http://localhost:8080/myweb/v1/header                                            -> Pojo com.gjun.service.HeaderParameterService      
03-Sep-2021 19:43:30.199 INFO [main] org.apache.openejb.server.cxf.rs.CxfRsHttpListener.logEndpoints               GET http://localhost:8080/myweb/v1/header/receiveapikey/rawdata                      ->      Message getApikey(String)
03-Sep-2021 19:43:30.200 INFO [main] org.apache.openejb.server.cxf.rs.CxfRsHttpListener.logEndpoints               GET http://localhost:8080/myweb/v1/header/token/basic                                ->      boolean userValid(String)
03-Sep-2021 19:43:30.200 INFO [main] org.apache.openejb.server.cxf.rs.CxfRsHttpListener.logEndpoints      Service URI: http://localhost:8080/myweb/v1/hello                                             -> Pojo com.gjun.service.HelloService                
03-Sep-2021 19:43:30.200 INFO [main] org.apache.openejb.server.cxf.rs.CxfRsHttpListener.logEndpoints               GET http://localhost:8080/myweb/v1/hello/helloworld                                  ->      String sayHello()   
03-Sep-2021 19:43:30.200 INFO [main] org.apache.openejb.server.cxf.rs.CxfRsHttpListener.logEndpoints               GET http://localhost:8080/myweb/v1/hello/saymessage                                  ->      Message sayMessage()
03-Sep-2021 19:43:30.200 INFO [main] org.apache.openejb.server.cxf.rs.CxfRsHttpListener.logEndpoints      Service URI: http://localhost:8080/myweb/v1/iotdata                                           -> Pojo com.gjun.service.IoTDataTransformationService
03-Sep-2021 19:43:30.200 INFO [main] org.apache.openejb.server.cxf.rs.CxfRsHttpListener.logEndpoints               GET http://localhost:8080/myweb/v1/iotdata/todatabase/rawdata                        ->      List<SensorData> iotTransformation(ServletContext, String, String, String, String)
03-Sep-2021 19:43:30.201 INFO [main] org.apache.openejb.server.cxf.rs.CxfRsHttpListener.logEndpoints      Service URI: http://localhost:8080/myweb/v1/linebot                                           -> Pojo com.gjun.service.LineWebHookService          
03-Sep-2021 19:43:30.201 INFO [main] org.apache.openejb.server.cxf.rs.CxfRsHttpListener.logEndpoints               GET http://localhost:8080/myweb/v1/linebot/iot/device/{deviceid}/sensor/{id}/rawdata ->      SensorData getSesnsorLastData(String, String)
03-Sep-2021 19:43:30.201 INFO [main] org.apache.openejb.server.cxf.rs.CxfRsHttpListener.logEndpoints               GET http://localhost:8080/myweb/v1/linebot/luis/question/rawdata                     ->      LUISData luisAIDemo(String)                  
03-Sep-2021 19:43:30.201 INFO [main] org.apache.openejb.server.cxf.rs.CxfRsHttpListener.logEndpoints               GET http://localhost:8080/myweb/v1/linebot/webbase/question/rawdata                  ->      Response receiveHttpClientLUISService(String)
03-Sep-2021 19:43:30.201 INFO [main] org.apache.openejb.server.cxf.rs.CxfRsHttpListener.logEndpoints              POST http://localhost:8080/myweb/v1/linebot/webhook/json                              ->      Response receiveWebHook(WebHookEventData)    
03-Sep-2021 19:43:30.201 INFO [main] org.apache.openejb.server.cxf.rs.CxfRsHttpListener.logEndpoints      Service URI: http://localhost:8080/myweb/v1/member                                            -> Pojo com.gjun.service.MemberService               
03-Sep-2021 19:43:30.202 INFO [main] org.apache.openejb.server.cxf.rs.CxfRsHttpListener.logEndpoints               GET http://localhost:8080/myweb/v1/member/usersvalid/name/{uid}/pwd/{pwd}/rawdata    ->      Message userValid(String, String)                     
03-Sep-2021 19:43:30.202 INFO [main] org.apache.openejb.server.cxf.rs.CxfRsHttpListener.logEndpoints              POST http://localhost:8080/myweb/v1/member/add/form                                   ->      void memberAdd(String, String, String, String, String)
03-Sep-2021 19:43:30.202 INFO [main] org.apache.openejb.server.cxf.rs.CxfRsHttpListener.logEndpoints              POST http://localhost:8080/myweb/v1/member/add/rawdata                                ->      Message memberRegister(IoTMember)                     
03-Sep-2021 19:43:30.202 INFO [main] org.apache.openejb.server.cxf.rs.CxfRsHttpListener.logEndpoints              POST http://localhost:8080/myweb/v1/member/addmember/form                             ->      IoTMember memberAddForm(IoTMember)                    
03-Sep-2021 19:43:30.283 INFO [main] jdk.internal.reflect.DelegatingMethodAccessorImpl.invoke Deployment of web application archive [C:\tools\apache-tomee-8.0.1-webprofile\apache-tomee-webprofile-8.0.1\webapps\myweb.war] has finished in [60,703] ms
03-Sep-2021 19:43:30.289 INFO [main] jdk.internal.reflect.DelegatingMethodAccessorImpl.invoke Deploying web application archive [C:\tools\apache-tomee-8.0.1-webprofile\apache-tomee-webprofile-8.0.1\webapps\mywebsource.war]
03-Sep-2021 19:43:30.290 INFO [main] org.apache.tomee.catalina.TomcatWebAppBuilder.init ------------------------- localhost -> /mywebsource
03-Sep-2021 19:43:34.395 INFO [main] org.apache.openejb.config.ConfigurationFactory.configureApplication Configuring enterprise application: C:\tools\apache-tomee-8.0.1-webprofile\apache-tomee-webprofile-8.0.1\webapps\mywebsource
03-Sep-2021 19:43:34.734 INFO [main] org.apache.openejb.config.AppInfoBuilder.build Enterprise application "C:\tools\apache-tomee-8.0.1-webprofile\apache-tomee-webprofile-8.0.1\webapps\mywebsource" loaded.
03-Sep-2021 19:43:34.734 INFO [main] org.apache.openejb.assembler.classic.Assembler.createApplication Assembling app: C:\tools\apache-tomee-8.0.1-webprofile\apache-tomee-webprofile-8.0.1\webapps\mywebsource
03-Sep-2021 19:43:34.772 INFO [main] org.apache.openejb.assembler.classic.Assembler.createApplication Deployed Application(path=C:\tools\apache-tomee-8.0.1-webprofile\apache-tomee-webprofile-8.0.1\webapps\mywebsource)
03-Sep-2021 19:43:35.568 INFO [main] org.apache.myfaces.ee.MyFacesContainerInitializer.onStartup Using org.apache.myfaces.ee.MyFacesContainerInitializer
03-Sep-2021 19:43:35.814 INFO [main] org.apache.jasper.servlet.TldScanner.scanJars At least one JAR was scanned for TLDs yet contained no TLDs. Enable debug logging for this logger for a complete list of JARs that were scanned but no TLDs were found in them. Skipping unneeded JARs during scanning can improve startup time and JSP compilation time.
03-Sep-2021 19:43:35.960 INFO [main] org.springframework.web.context.ContextLoader.initWebApplicationContext Root WebApplicationContext: initialization started
03-Sep-2021 19:43:37.826 INFO [main] org.springframework.web.context.ContextLoader.initWebApplicationContext Root WebApplicationContext initialized in 1865 ms
03-Sep-2021 19:43:38.090 INFO [main] com.opensymphony.xwork2.util.logging.commons.CommonsLogger.info Parsing configuration file [struts-default.xml]
03-Sep-2021 19:43:38.342 INFO [main] com.opensymphony.xwork2.util.logging.commons.CommonsLogger.info Parsing configuration file [struts-plugin.xml]
03-Sep-2021 19:43:38.401 INFO [main] com.opensymphony.xwork2.util.logging.commons.CommonsLogger.info Parsing configuration file [struts.xml]
03-Sep-2021 19:43:38.996 INFO [main] org.apache.openejb.server.cxf.rs.CxfRsHttpListener.deployApplication Using readers:
03-Sep-2021 19:43:38.996 INFO [main] org.apache.openejb.server.cxf.rs.CxfRsHttpListener.deployApplication      org.apache.cxf.jaxrs.provider.PrimitiveTextProvider@5f2d61cd
03-Sep-2021 19:43:38.996 INFO [main] org.apache.openejb.server.cxf.rs.CxfRsHttpListener.deployApplication      org.apache.cxf.jaxrs.provider.FormEncodingProvider@7b946b4f
03-Sep-2021 19:43:38.997 INFO [main] org.apache.openejb.server.cxf.rs.CxfRsHttpListener.deployApplication      org.apache.cxf.jaxrs.provider.MultipartProvider@7f0e2405
03-Sep-2021 19:43:38.997 INFO [main] org.apache.openejb.server.cxf.rs.CxfRsHttpListener.deployApplication      org.apache.cxf.jaxrs.provider.SourceProvider@71b9c32f
03-Sep-2021 19:43:38.997 INFO [main] org.apache.openejb.server.cxf.rs.CxfRsHttpListener.deployApplication      org.apache.cxf.jaxrs.provider.JAXBElementTypedProvider@17873b5a
03-Sep-2021 19:43:38.997 INFO [main] org.apache.openejb.server.cxf.rs.CxfRsHttpListener.deployApplication      org.apache.cxf.jaxrs.provider.JAXBElementProvider@4f91f4f6
03-Sep-2021 19:43:38.997 INFO [main] org.apache.openejb.server.cxf.rs.CxfRsHttpListener.deployApplication      org.apache.openejb.server.cxf.rs.johnzon.TomEEJsonbProvider@6d692034
03-Sep-2021 19:43:38.997 INFO [main] org.apache.openejb.server.cxf.rs.CxfRsHttpListener.deployApplication      org.apache.openejb.server.cxf.rs.johnzon.TomEEJsonpProvider@35a2255c
03-Sep-2021 19:43:38.997 INFO [main] org.apache.openejb.server.cxf.rs.CxfRsHttpListener.deployApplication      org.apache.cxf.jaxrs.provider.StringTextProvider@57ee15b3
03-Sep-2021 19:43:38.997 INFO [main] org.apache.openejb.server.cxf.rs.CxfRsHttpListener.deployApplication      org.apache.cxf.jaxrs.provider.BinaryDataProvider@6ca64138
03-Sep-2021 19:43:38.997 INFO [main] org.apache.openejb.server.cxf.rs.CxfRsHttpListener.deployApplication      org.apache.cxf.jaxrs.provider.DataSourceProvider@24ae81d3
03-Sep-2021 19:43:38.997 INFO [main] org.apache.openejb.server.cxf.rs.CxfRsHttpListener.deployApplication Using writers:
03-Sep-2021 19:43:38.997 INFO [main] org.apache.openejb.server.cxf.rs.CxfRsHttpListener.deployApplication      org.apache.johnzon.jaxrs.WadlDocumentMessageBodyWriter@1039af82
03-Sep-2021 19:43:38.997 INFO [main] org.apache.openejb.server.cxf.rs.CxfRsHttpListener.deployApplication      org.apache.cxf.jaxrs.nio.NioMessageBodyWriter@375d73bb
03-Sep-2021 19:43:38.997 INFO [main] org.apache.openejb.server.cxf.rs.CxfRsHttpListener.deployApplication      org.apache.cxf.jaxrs.provider.StringTextProvider@57ee15b3
03-Sep-2021 19:43:38.997 INFO [main] org.apache.openejb.server.cxf.rs.CxfRsHttpListener.deployApplication      org.apache.cxf.jaxrs.provider.JAXBElementTypedProvider@17873b5a
03-Sep-2021 19:43:38.997 INFO [main] org.apache.openejb.server.cxf.rs.CxfRsHttpListener.deployApplication      org.apache.cxf.jaxrs.provider.PrimitiveTextProvider@5f2d61cd
03-Sep-2021 19:43:38.997 INFO [main] org.apache.openejb.server.cxf.rs.CxfRsHttpListener.deployApplication      org.apache.cxf.jaxrs.provider.FormEncodingProvider@7b946b4f
03-Sep-2021 19:43:38.997 INFO [main] org.apache.openejb.server.cxf.rs.CxfRsHttpListener.deployApplication      org.apache.cxf.jaxrs.provider.MultipartProvider@7f0e2405
03-Sep-2021 19:43:38.997 INFO [main] org.apache.openejb.server.cxf.rs.CxfRsHttpListener.deployApplication      org.apache.cxf.jaxrs.provider.SourceProvider@71b9c32f
03-Sep-2021 19:43:38.997 INFO [main] org.apache.openejb.server.cxf.rs.CxfRsHttpListener.deployApplication      org.apache.cxf.jaxrs.provider.JAXBElementProvider@4f91f4f6
03-Sep-2021 19:43:38.997 INFO [main] org.apache.openejb.server.cxf.rs.CxfRsHttpListener.deployApplication      org.apache.openejb.server.cxf.rs.johnzon.TomEEJsonbProvider@6d692034
03-Sep-2021 19:43:38.997 INFO [main] org.apache.openejb.server.cxf.rs.CxfRsHttpListener.deployApplication      org.apache.openejb.server.cxf.rs.johnzon.TomEEJsonpProvider@35a2255c
03-Sep-2021 19:43:38.997 INFO [main] org.apache.openejb.server.cxf.rs.CxfRsHttpListener.deployApplication      org.apache.cxf.jaxrs.provider.BinaryDataProvider@6ca64138
03-Sep-2021 19:43:38.997 INFO [main] org.apache.openejb.server.cxf.rs.CxfRsHttpListener.deployApplication      org.apache.cxf.jaxrs.provider.DataSourceProvider@24ae81d3
03-Sep-2021 19:43:38.997 INFO [main] org.apache.openejb.server.cxf.rs.CxfRsHttpListener.deployApplication Using exception mappers:
03-Sep-2021 19:43:38.997 INFO [main] org.apache.openejb.server.cxf.rs.CxfRsHttpListener.deployApplication      org.apache.cxf.jaxrs.impl.WebApplicationExceptionMapper@692c4be9
03-Sep-2021 19:43:38.997 INFO [main] org.apache.openejb.server.cxf.rs.CxfRsHttpListener.deployApplication      org.apache.openejb.server.cxf.rs.EJBExceptionMapper@7eaedcbf
03-Sep-2021 19:43:38.997 INFO [main] org.apache.openejb.server.cxf.rs.CxfRsHttpListener.deployApplication      org.apache.cxf.jaxrs.validation.ValidationExceptionMapper@39dcff06
03-Sep-2021 19:43:38.999 INFO [main] org.apache.openejb.server.cxf.rs.CxfRsHttpListener.deployApplication      org.apache.openejb.server.cxf.rs.CxfRsHttpListener$CxfResponseValidationExceptionMapper@64c40200
03-Sep-2021 19:43:38.999 INFO [main] org.apache.openejb.server.cxf.rs.CxfRsHttpListener.logEndpoints REST Application: http://localhost:8080/mywebsource/                                         -> org.apache.openejb.server.rest.InternalApplication@38586588
03-Sep-2021 19:43:38.999 INFO [main] org.apache.openejb.server.cxf.rs.CxfRsHttpListener.logEndpoints      Service URI: http://localhost:8080/mywebsource/customers                                -> Pojo com.gjun.service.CustomersService
03-Sep-2021 19:43:38.999 INFO [main] org.apache.openejb.server.cxf.rs.CxfRsHttpListener.logEndpoints               GET http://localhost:8080/mywebsource/customers/qrybyid                        ->      String customersQryById(String)          
03-Sep-2021 19:43:38.999 INFO [main] org.apache.openejb.server.cxf.rs.CxfRsHttpListener.logEndpoints               GET http://localhost:8080/mywebsource/customers/qrycustomers/key/{cid}/rawdata ->      Response customersQryById2(String)       
03-Sep-2021 19:43:38.999 INFO [main] org.apache.openejb.server.cxf.rs.CxfRsHttpListener.logEndpoints              POST http://localhost:8080/mywebsource/customers/customeradd/rawdata            ->      CustomersBean customersAdd(CustomersBean)
03-Sep-2021 19:43:38.999 INFO [main] org.apache.openejb.server.cxf.rs.CxfRsHttpListener.logEndpoints      Service URI: http://localhost:8080/mywebsource/hello                                    -> Pojo com.gjun.service.HelloService    
03-Sep-2021 19:43:38.999 INFO [main] org.apache.openejb.server.cxf.rs.CxfRsHttpListener.logEndpoints               GET http://localhost:8080/mywebsource/hello/helloworld                         ->      String sayHello()   
03-Sep-2021 19:43:39.000 INFO [main] org.apache.openejb.server.cxf.rs.CxfRsHttpListener.logEndpoints               GET http://localhost:8080/mywebsource/hello/saymessage                         ->      Message sayMessage()
03-Sep-2021 19:43:39.017 INFO [main] jdk.internal.reflect.DelegatingMethodAccessorImpl.invoke Deployment of web application archive [C:\tools\apache-tomee-8.0.1-webprofile\apache-tomee-webprofile-8.0.1\webapps\mywebsource.war] has finished in [8,728] ms
03-Sep-2021 19:43:39.020 INFO [main] jdk.internal.reflect.DelegatingMethodAccessorImpl.invoke Deploying web application directory [C:\tools\apache-tomee-8.0.1-webprofile\apache-tomee-webprofile-8.0.1\webapps\docs]
03-Sep-2021 19:43:39.021 INFO [main] org.apache.tomee.catalina.TomcatWebAppBuilder.init ------------------------- localhost -> /docs
03-Sep-2021 19:43:39.090 INFO [main] org.apache.openejb.config.ConfigurationFactory.configureApplication Configuring enterprise application: C:\tools\apache-tomee-8.0.1-webprofile\apache-tomee-webprofile-8.0.1\webapps\docs
03-Sep-2021 19:43:39.113 INFO [main] org.apache.openejb.config.AppInfoBuilder.build Enterprise application "C:\tools\apache-tomee-8.0.1-webprofile\apache-tomee-webprofile-8.0.1\webapps\docs" loaded.
03-Sep-2021 19:43:39.114 INFO [main] org.apache.openejb.assembler.classic.Assembler.createApplication Assembling app: C:\tools\apache-tomee-8.0.1-webprofile\apache-tomee-webprofile-8.0.1\webapps\docs
03-Sep-2021 19:43:39.160 INFO [main] org.apache.openejb.assembler.classic.Assembler.createApplication Deployed Application(path=C:\tools\apache-tomee-8.0.1-webprofile\apache-tomee-webprofile-8.0.1\webapps\docs)
03-Sep-2021 19:43:39.245 INFO [main] org.apache.myfaces.ee.MyFacesContainerInitializer.onStartup Using org.apache.myfaces.ee.MyFacesContainerInitializer
03-Sep-2021 19:43:39.315 INFO [main] jdk.internal.reflect.DelegatingMethodAccessorImpl.invoke Deployment of web application directory [C:\tools\apache-tomee-8.0.1-webprofile\apache-tomee-webprofile-8.0.1\webapps\docs] has finished in [296] ms
03-Sep-2021 19:43:39.316 INFO [main] jdk.internal.reflect.DelegatingMethodAccessorImpl.invoke Deploying web application directory [C:\tools\apache-tomee-8.0.1-webprofile\apache-tomee-webprofile-8.0.1\webapps\host-manager]
03-Sep-2021 19:43:39.328 INFO [main] org.apache.tomee.catalina.TomcatWebAppBuilder.init ------------------------- localhost -> /host-manager
03-Sep-2021 19:43:39.416 INFO [main] org.apache.openejb.config.ConfigurationFactory.configureApplication Configuring enterprise application: C:\tools\apache-tomee-8.0.1-webprofile\apache-tomee-webprofile-8.0.1\webapps\host-manager
03-Sep-2021 19:43:39.436 INFO [main] org.apache.openejb.config.AppInfoBuilder.build Enterprise application "C:\tools\apache-tomee-8.0.1-webprofile\apache-tomee-webprofile-8.0.1\webapps\host-manager" loaded.
03-Sep-2021 19:43:39.437 INFO [main] org.apache.openejb.assembler.classic.Assembler.createApplication Assembling app: C:\tools\apache-tomee-8.0.1-webprofile\apache-tomee-webprofile-8.0.1\webapps\host-manager
03-Sep-2021 19:43:39.473 INFO [main] org.apache.tomee.catalina.TomcatWebAppBuilder.deployWebApps using context file C:\tools\apache-tomee-8.0.1-webprofile\apache-tomee-webprofile-8.0.1\webapps\host-manager\META-INF\context.xml
03-Sep-2021 19:43:39.473 INFO [main] org.apache.openejb.assembler.classic.Assembler.createApplication Deployed Application(path=C:\tools\apache-tomee-8.0.1-webprofile\apache-tomee-webprofile-8.0.1\webapps\host-manager)
03-Sep-2021 19:43:39.567 INFO [main] org.apache.myfaces.ee.MyFacesContainerInitializer.onStartup Using org.apache.myfaces.ee.MyFacesContainerInitializer
03-Sep-2021 19:43:39.673 INFO [main] jdk.internal.reflect.DelegatingMethodAccessorImpl.invoke Deployment of web application directory [C:\tools\apache-tomee-8.0.1-webprofile\apache-tomee-webprofile-8.0.1\webapps\host-manager] has finished in [357] ms
03-Sep-2021 19:43:39.674 INFO [main] jdk.internal.reflect.DelegatingMethodAccessorImpl.invoke Deploying web application directory [C:\tools\apache-tomee-8.0.1-webprofile\apache-tomee-webprofile-8.0.1\webapps\manager]
03-Sep-2021 19:43:39.676 INFO [main] org.apache.tomee.catalina.TomcatWebAppBuilder.init ------------------------- localhost -> /manager
03-Sep-2021 19:43:39.761 INFO [main] org.apache.openejb.config.ConfigurationFactory.configureApplication Configuring enterprise application: C:\tools\apache-tomee-8.0.1-webprofile\apache-tomee-webprofile-8.0.1\webapps\manager
03-Sep-2021 19:43:39.773 INFO [main] org.apache.openejb.config.AppInfoBuilder.build Enterprise application "C:\tools\apache-tomee-8.0.1-webprofile\apache-tomee-webprofile-8.0.1\webapps\manager" loaded.
03-Sep-2021 19:43:39.774 INFO [main] org.apache.openejb.assembler.classic.Assembler.createApplication Assembling app: C:\tools\apache-tomee-8.0.1-webprofile\apache-tomee-webprofile-8.0.1\webapps\manager
03-Sep-2021 19:43:39.810 INFO [main] org.apache.tomee.catalina.TomcatWebAppBuilder.deployWebApps using context file C:\tools\apache-tomee-8.0.1-webprofile\apache-tomee-webprofile-8.0.1\webapps\manager\META-INF\context.xml
03-Sep-2021 19:43:39.810 INFO [main] org.apache.openejb.assembler.classic.Assembler.createApplication Deployed Application(path=C:\tools\apache-tomee-8.0.1-webprofile\apache-tomee-webprofile-8.0.1\webapps\manager)
03-Sep-2021 19:43:39.933 INFO [main] org.apache.myfaces.ee.MyFacesContainerInitializer.onStartup Using org.apache.myfaces.ee.MyFacesContainerInitializer
03-Sep-2021 19:43:40.046 INFO [main] jdk.internal.reflect.DelegatingMethodAccessorImpl.invoke Deployment of web application directory [C:\tools\apache-tomee-8.0.1-webprofile\apache-tomee-webprofile-8.0.1\webapps\manager] has finished in [372] ms
03-Sep-2021 19:43:40.053 INFO [main] jdk.internal.reflect.DelegatingMethodAccessorImpl.invoke Deploying web application directory [C:\tools\apache-tomee-8.0.1-webprofile\apache-tomee-webprofile-8.0.1\webapps\ROOT]
03-Sep-2021 19:43:40.055 INFO [main] org.apache.tomee.catalina.TomcatWebAppBuilder.init ------------------------- localhost -> /
03-Sep-2021 19:43:40.134 INFO [main] org.apache.openejb.config.ConfigurationFactory.configureApplication Configuring enterprise application: C:\tools\apache-tomee-8.0.1-webprofile\apache-tomee-webprofile-8.0.1\webapps\ROOT
03-Sep-2021 19:43:40.146 INFO [main] org.apache.openejb.config.AppInfoBuilder.build Enterprise application "C:\tools\apache-tomee-8.0.1-webprofile\apache-tomee-webprofile-8.0.1\webapps\ROOT" loaded.
03-Sep-2021 19:43:40.148 INFO [main] org.apache.openejb.assembler.classic.Assembler.createApplication Assembling app: C:\tools\apache-tomee-8.0.1-webprofile\apache-tomee-webprofile-8.0.1\webapps\ROOT
03-Sep-2021 19:43:40.182 INFO [main] org.apache.openejb.assembler.classic.Assembler.createApplication Deployed Application(path=C:\tools\apache-tomee-8.0.1-webprofile\apache-tomee-webprofile-8.0.1\webapps\ROOT)
03-Sep-2021 19:43:40.255 INFO [main] org.apache.myfaces.ee.MyFacesContainerInitializer.onStartup Using org.apache.myfaces.ee.MyFacesContainerInitializer
03-Sep-2021 19:43:40.348 INFO [main] jdk.internal.reflect.DelegatingMethodAccessorImpl.invoke Deployment of web application directory [C:\tools\apache-tomee-8.0.1-webprofile\apache-tomee-webprofile-8.0.1\webapps\ROOT] has finished in [296] ms
03-Sep-2021 19:43:40.359 INFO [main] jdk.internal.reflect.DelegatingMethodAccessorImpl.invoke Starting ProtocolHandler ["ajp-nio-8009"]
03-Sep-2021 19:43:40.398 INFO [main] jdk.internal.reflect.DelegatingMethodAccessorImpl.invoke Server startup in [71,088] milliseconds
03-Sep-2021 19:43:58.393 INFO [Thread-23] jdk.internal.reflect.DelegatingMethodAccessorImpl.invoke Pausing ProtocolHandler ["http-nio-8080"]
03-Sep-2021 19:43:58.394 INFO [Thread-23] jdk.internal.reflect.DelegatingMethodAccessorImpl.invoke Pausing ProtocolHandler ["ajp-nio-8009"]
03-Sep-2021 19:43:59.466 INFO [Thread-23] jdk.internal.reflect.DelegatingMethodAccessorImpl.invoke Stopping service [Catalina]
03-Sep-2021 19:43:59.717 INFO [Thread-23] org.apache.openejb.assembler.classic.Assembler.destroyApplication Undeploying app: C:\tools\apache-tomee-8.0.1-webprofile\apache-tomee-webprofile-8.0.1\webapps\myweb
03-Sep-2021 19:43:59.996 INFO [Thread-23] org.apache.openejb.assembler.classic.Assembler.destroyApplication Undeploying app: C:\tools\apache-tomee-8.0.1-webprofile\apache-tomee-webprofile-8.0.1\webapps\mywebsource
03-Sep-2021 19:44:00.154 INFO [Thread-23] org.apache.openejb.assembler.classic.Assembler.destroyApplication Undeploying app: C:\tools\apache-tomee-8.0.1-webprofile\apache-tomee-webprofile-8.0.1\webapps\docs
03-Sep-2021 19:44:00.270 INFO [Thread-23] org.apache.openejb.assembler.classic.Assembler.destroyApplication Undeploying app: C:\tools\apache-tomee-8.0.1-webprofile\apache-tomee-webprofile-8.0.1\webapps\host-manager
03-Sep-2021 19:44:00.377 INFO [Thread-23] org.apache.openejb.assembler.classic.Assembler.destroyApplication Undeploying app: C:\tools\apache-tomee-8.0.1-webprofile\apache-tomee-webprofile-8.0.1\webapps\manager
03-Sep-2021 19:44:00.505 INFO [Thread-23] org.apache.openejb.assembler.classic.Assembler.destroyApplication Undeploying app: C:\tools\apache-tomee-8.0.1-webprofile\apache-tomee-webprofile-8.0.1\webapps\ROOT
03-Sep-2021 19:44:00.626 INFO [Thread-23] jdk.internal.reflect.DelegatingMethodAccessorImpl.invoke Stopping ProtocolHandler ["ajp-nio-8009"]
03-Sep-2021 19:44:00.631 INFO [Thread-23] org.apache.openejb.server.SimpleServiceManager.stop Stopping server services
03-Sep-2021 19:44:00.661 INFO [Thread-23] jdk.internal.reflect.DelegatingMethodAccessorImpl.invoke Stopping ProtocolHandler ["http-nio-8080"]
03-Sep-2021 19:44:00.662 INFO [Thread-23] jdk.internal.reflect.DelegatingMethodAccessorImpl.invoke Destroying ProtocolHandler ["http-nio-8080"]
03-Sep-2021 19:44:00.662 INFO [Thread-23] jdk.internal.reflect.DelegatingMethodAccessorImpl.invoke Destroying ProtocolHandler ["ajp-nio-8009"]
