11-Jun-2021 09:46:23.091 INFO [main] org.apache.catalina.core.ApplicationContext.log No Spring WebApplicationInitializer types detected on classpath
11-Jun-2021 09:46:23.281 INFO [main] org.apache.catalina.core.ApplicationContext.log Initializing Spring root WebApplicationContext
11-Jun-2021 09:46:39.274 INFO [main] org.apache.catalina.core.ApplicationContext.log No Spring WebApplicationInitializer types detected on classpath
11-Jun-2021 09:46:39.350 INFO [main] org.apache.catalina.core.ApplicationContext.log Initializing Spring root WebApplicationContext
11-Jun-2021 09:50:57.569 INFO [Catalina-utility-1] org.apache.catalina.core.ApplicationContext.log Closing Spring root WebApplicationContext
11-Jun-2021 09:51:13.002 INFO [Catalina-utility-1] org.apache.catalina.core.ApplicationContext.log No Spring WebApplicationInitializer types detected on classpath
11-Jun-2021 09:51:13.097 INFO [Catalina-utility-1] org.apache.catalina.core.ApplicationContext.log Initializing Spring root WebApplicationContext
11-Jun-2021 09:53:08.237 INFO [Catalina-utility-2] org.apache.catalina.core.ApplicationContext.log Closing Spring root WebApplicationContext
11-Jun-2021 09:53:17.753 INFO [Catalina-utility-2] org.apache.catalina.core.ApplicationContext.log No Spring WebApplicationInitializer types detected on classpath
11-Jun-2021 09:53:17.806 INFO [Catalina-utility-2] org.apache.catalina.core.ApplicationContext.log Initializing Spring root WebApplicationContext
11-Jun-2021 09:55:00.970 INFO [Catalina-utility-2] org.apache.catalina.core.ApplicationContext.log Closing Spring root WebApplicationContext
11-Jun-2021 09:55:15.700 INFO [Catalina-utility-2] org.apache.catalina.core.ApplicationContext.log No Spring WebApplicationInitializer types detected on classpath
11-Jun-2021 09:55:15.741 INFO [Catalina-utility-2] org.apache.catalina.core.ApplicationContext.log Initializing Spring root WebApplicationContext
11-Jun-2021 10:00:31.261 INFO [Catalina-utility-2] org.apache.catalina.core.ApplicationContext.log Closing Spring root WebApplicationContext
11-Jun-2021 10:00:31.569 INFO [Thread-24] org.apache.catalina.core.ApplicationContext.log Closing Spring root WebApplicationContext
11-Jun-2021 10:01:08.675 INFO [main] org.apache.catalina.core.ApplicationContext.log No Spring WebApplicationInitializer types detected on classpath
11-Jun-2021 10:01:08.871 INFO [main] org.apache.catalina.core.ApplicationContext.log Initializing Spring root WebApplicationContext
11-Jun-2021 10:02:51.063 INFO [main] org.apache.catalina.core.ApplicationContext.log Closing Spring root WebApplicationContext
11-Jun-2021 10:05:40.351 INFO [main] org.apache.catalina.core.ApplicationContext.log No Spring WebApplicationInitializer types detected on classpath
11-Jun-2021 10:05:40.474 INFO [main] org.apache.catalina.core.ApplicationContext.log Initializing Spring root WebApplicationContext
11-Jun-2021 10:06:10.653 INFO [main] org.apache.catalina.core.ApplicationContext.log Closing Spring root WebApplicationContext
11-Jun-2021 10:07:36.937 INFO [main] org.apache.catalina.core.ApplicationContext.log No Spring WebApplicationInitializer types detected on classpath
11-Jun-2021 10:07:37.067 INFO [main] org.apache.catalina.core.ApplicationContext.log Initializing Spring root WebApplicationContext
11-Jun-2021 10:07:56.575 INFO [main] org.apache.catalina.core.ApplicationContext.log Closing Spring root WebApplicationContext
11-Jun-2021 10:08:51.910 INFO [main] org.apache.catalina.core.ApplicationContext.log No Spring WebApplicationInitializer types detected on classpath
11-Jun-2021 10:08:52.121 INFO [main] org.apache.catalina.core.ApplicationContext.log Initializing Spring root WebApplicationContext
11-Jun-2021 10:09:09.336 INFO [main] org.apache.catalina.core.ApplicationContext.log No Spring WebApplicationInitializer types detected on classpath
11-Jun-2021 10:09:09.398 INFO [main] org.apache.catalina.core.ApplicationContext.log Initializing Spring root WebApplicationContext
11-Jun-2021 10:21:16.562 INFO [Catalina-utility-2] org.apache.catalina.core.ApplicationContext.log Closing Spring root WebApplicationContext
11-Jun-2021 10:21:18.311 INFO [Thread-24] org.apache.catalina.core.ApplicationContext.log Closing Spring root WebApplicationContext
11-Jun-2021 10:22:03.473 INFO [main] org.apache.catalina.core.ApplicationContext.log No Spring WebApplicationInitializer types detected on classpath
11-Jun-2021 10:22:03.607 INFO [main] org.apache.catalina.core.ApplicationContext.log Initializing Spring root WebApplicationContext
11-Jun-2021 10:22:21.576 INFO [main] org.apache.catalina.core.ApplicationContext.log No Spring WebApplicationInitializer types detected on classpath
11-Jun-2021 10:22:21.655 INFO [main] org.apache.catalina.core.ApplicationContext.log Initializing Spring root WebApplicationContext
11-Jun-2021 11:00:05.194 INFO [Catalina-utility-2] org.apache.catalina.core.ApplicationContext.log Closing Spring root WebApplicationContext
11-Jun-2021 11:00:15.292 INFO [Catalina-utility-2] org.apache.catalina.core.ApplicationContext.log No Spring WebApplicationInitializer types detected on classpath
11-Jun-2021 11:00:15.365 INFO [Catalina-utility-2] org.apache.catalina.core.ApplicationContext.log Initializing Spring root WebApplicationContext
11-Jun-2021 11:05:19.718 INFO [Catalina-utility-2] org.apache.catalina.core.ApplicationContext.log Closing Spring root WebApplicationContext
11-Jun-2021 11:05:34.174 INFO [Catalina-utility-2] org.apache.catalina.core.ApplicationContext.log No Spring WebApplicationInitializer types detected on classpath
11-Jun-2021 11:05:34.273 INFO [Catalina-utility-2] org.apache.catalina.core.ApplicationContext.log Initializing Spring root WebApplicationContext
11-Jun-2021 11:47:42.457 INFO [Catalina-utility-1] org.apache.catalina.core.ApplicationContext.log Closing Spring root WebApplicationContext
11-Jun-2021 11:47:54.050 INFO [Catalina-utility-1] org.apache.catalina.core.ApplicationContext.log No Spring WebApplicationInitializer types detected on classpath
11-Jun-2021 11:47:54.096 INFO [Catalina-utility-1] org.apache.catalina.core.ApplicationContext.log Initializing Spring root WebApplicationContext
11-Jun-2021 11:49:17.592 SEVERE [http-nio-8080-exec-23] org.apache.catalina.core.StandardWrapperValve.invoke Servlet.service() for servlet [default] in context with path [/myweb] threw exception [Error processing webservice request] with root cause
	java.net.URISyntaxException: Illegal character in query at index 250: https://aiiot52eric.cognitiveservices.azure.com/luis/prediction/v3.0/apps/e1fc9f94-42b3-4e48-aa5f-d539b8bc0077/slots/production/predict?subscription-key=b08333531ce9416996d21271d87d07be&verbose=false&show-all-intents=false&log=false&query=我要查看一下教室899 的溫溼度狀態
		at java.base/java.net.URI$Parser.fail(URI.java:2938)
		at java.base/java.net.URI$Parser.checkChars(URI.java:3109)
		at java.base/java.net.URI$Parser.parseHierarchical(URI.java:3197)
		at java.base/java.net.URI$Parser.parse(URI.java:3139)
		at java.base/java.net.URI.<init>(URI.java:623)
		at java.base/java.net.URI.create(URI.java:904)
		at org.apache.cxf.jaxrs.impl.UriBuilderImpl.uri(UriBuilderImpl.java:944)
		at javax.ws.rs.core.UriBuilder.fromUri(UriBuilder.java:43)
		at org.apache.cxf.jaxrs.client.spec.ClientImpl.target(ClientImpl.java:120)
		at com.gjun.service.LineWebHookService.luisAIDemo(LineWebHookService.java:149)
		at com.gjun.service.LineWebHookService.receiveWebHook(LineWebHookService.java:60)
		at java.base/jdk.internal.reflect.NativeMethodAccessorImpl.invoke0(Native Method)
		at java.base/jdk.internal.reflect.NativeMethodAccessorImpl.invoke(NativeMethodAccessorImpl.java:62)
		at java.base/jdk.internal.reflect.DelegatingMethodAccessorImpl.invoke(DelegatingMethodAccessorImpl.java:43)
		at java.base/java.lang.reflect.Method.invoke(Method.java:564)
		at org.apache.openejb.server.cxf.rs.PojoInvoker.performInvocation(PojoInvoker.java:43)
		at org.apache.cxf.service.invoker.AbstractInvoker.invoke(AbstractInvoker.java:96)
		at org.apache.cxf.jaxrs.JAXRSInvoker.invoke(JAXRSInvoker.java:201)
		at org.apache.cxf.jaxrs.JAXRSInvoker.invoke(JAXRSInvoker.java:104)
		at org.apache.openejb.server.cxf.rs.AutoJAXRSInvoker.invoke(AutoJAXRSInvoker.java:68)
		at org.apache.cxf.interceptor.ServiceInvokerInterceptor$1.run(ServiceInvokerInterceptor.java:59)
		at org.apache.cxf.interceptor.ServiceInvokerInterceptor.handleMessage(ServiceInvokerInterceptor.java:96)
		at org.apache.cxf.phase.PhaseInterceptorChain.doIntercept(PhaseInterceptorChain.java:308)
		at org.apache.cxf.transport.ChainInitiationObserver.onMessage(ChainInitiationObserver.java:121)
		at org.apache.cxf.transport.http.AbstractHTTPDestination.invoke(AbstractHTTPDestination.java:267)
		at org.apache.openejb.server.cxf.rs.CxfRsHttpListener.doInvoke(CxfRsHttpListener.java:262)
		at org.apache.tomee.webservices.CXFJAXRSFilter.doFilter(CXFJAXRSFilter.java:99)
		at org.apache.catalina.core.ApplicationFilterChain.internalDoFilter(ApplicationFilterChain.java:193)
		at org.apache.catalina.core.ApplicationFilterChain.doFilter(ApplicationFilterChain.java:166)
		at org.apache.tomcat.websocket.server.WsFilter.doFilter(WsFilter.java:53)
		at org.apache.catalina.core.ApplicationFilterChain.internalDoFilter(ApplicationFilterChain.java:193)
		at org.apache.catalina.core.ApplicationFilterChain.doFilter(ApplicationFilterChain.java:166)
		at org.apache.openejb.server.httpd.EEFilter.doFilter(EEFilter.java:65)
		at org.apache.catalina.core.ApplicationFilterChain.internalDoFilter(ApplicationFilterChain.java:193)
		at org.apache.catalina.core.ApplicationFilterChain.doFilter(ApplicationFilterChain.java:166)
		at org.apache.catalina.core.StandardWrapperValve.invoke(StandardWrapperValve.java:202)
		at org.apache.catalina.core.StandardContextValve.invoke(StandardContextValve.java:96)
		at org.apache.tomee.catalina.OpenEJBValve.invoke(OpenEJBValve.java:45)
		at org.apache.catalina.authenticator.AuthenticatorBase.invoke(AuthenticatorBase.java:541)
		at org.apache.catalina.core.StandardHostValve.invoke(StandardHostValve.java:139)
		at org.apache.catalina.valves.ErrorReportValve.invoke(ErrorReportValve.java:92)
		at org.apache.tomee.catalina.OpenEJBSecurityListener$RequestCapturer.invoke(OpenEJBSecurityListener.java:97)
		at org.apache.catalina.valves.AbstractAccessLogValve.invoke(AbstractAccessLogValve.java:678)
		at org.apache.catalina.core.StandardEngineValve.invoke(StandardEngineValve.java:74)
		at org.apache.catalina.connector.CoyoteAdapter.service(CoyoteAdapter.java:343)
		at org.apache.coyote.http11.Http11Processor.service(Http11Processor.java:367)
		at org.apache.coyote.AbstractProcessorLight.process(AbstractProcessorLight.java:65)
		at org.apache.coyote.AbstractProtocol$ConnectionHandler.process(AbstractProtocol.java:860)
		at org.apache.tomcat.util.net.NioEndpoint$SocketProcessor.doRun(NioEndpoint.java:1598)
		at org.apache.tomcat.util.net.SocketProcessorBase.run(SocketProcessorBase.java:49)
		at java.base/java.util.concurrent.ThreadPoolExecutor.runWorker(ThreadPoolExecutor.java:1130)
		at java.base/java.util.concurrent.ThreadPoolExecutor$Worker.run(ThreadPoolExecutor.java:630)
		at org.apache.tomcat.util.threads.TaskThread$WrappingRunnable.run(TaskThread.java:61)
		at java.base/java.lang.Thread.run(Thread.java:832)
11-Jun-2021 11:52:58.076 INFO [Catalina-utility-2] org.apache.catalina.core.ApplicationContext.log Closing Spring root WebApplicationContext
11-Jun-2021 11:53:08.060 INFO [Catalina-utility-2] org.apache.catalina.core.ApplicationContext.log No Spring WebApplicationInitializer types detected on classpath
11-Jun-2021 11:53:08.108 INFO [Catalina-utility-2] org.apache.catalina.core.ApplicationContext.log Initializing Spring root WebApplicationContext
11-Jun-2021 13:04:45.312 INFO [main] org.apache.catalina.core.ApplicationContext.log Closing Spring root WebApplicationContext
11-Jun-2021 13:04:45.948 INFO [main] org.apache.catalina.core.ApplicationContext.log Closing Spring root WebApplicationContext
11-Jun-2021 13:05:47.847 INFO [main] org.apache.catalina.core.ApplicationContext.log No Spring WebApplicationInitializer types detected on classpath
11-Jun-2021 13:05:48.149 INFO [main] org.apache.catalina.core.ApplicationContext.log Initializing Spring root WebApplicationContext
11-Jun-2021 13:06:09.994 INFO [main] org.apache.catalina.core.ApplicationContext.log No Spring WebApplicationInitializer types detected on classpath
11-Jun-2021 13:06:10.098 INFO [main] org.apache.catalina.core.ApplicationContext.log Initializing Spring root WebApplicationContext
11-Jun-2021 13:11:07.014 INFO [main] org.apache.catalina.core.ApplicationContext.log No Spring WebApplicationInitializer types detected on classpath
11-Jun-2021 13:11:07.174 INFO [main] org.apache.catalina.core.ApplicationContext.log Initializing Spring root WebApplicationContext
11-Jun-2021 13:11:23.854 INFO [main] org.apache.catalina.core.ApplicationContext.log No Spring WebApplicationInitializer types detected on classpath
11-Jun-2021 13:11:23.935 INFO [main] org.apache.catalina.core.ApplicationContext.log Initializing Spring root WebApplicationContext
11-Jun-2021 13:11:42.446 SEVERE [http-nio-8080-exec-2] org.apache.catalina.core.StandardWrapperValve.invoke Servlet.service() for servlet [default] in context with path [/myweb] threw exception [Error processing webservice request] with root cause
	java.net.URISyntaxException: Illegal character in query at index 250: https://aiiot52eric.cognitiveservices.azure.com/luis/prediction/v3.0/apps/e1fc9f94-42b3-4e48-aa5f-d539b8bc0077/slots/production/predict?subscription-key=b08333531ce9416996d21271d87d07be&verbose=false&show-all-intents=false&log=false&query=我要查看一下教室899 的溫溼度狀態
		at java.base/java.net.URI$Parser.fail(URI.java:2938)
		at java.base/java.net.URI$Parser.checkChars(URI.java:3109)
		at java.base/java.net.URI$Parser.parseHierarchical(URI.java:3197)
		at java.base/java.net.URI$Parser.parse(URI.java:3139)
		at java.base/java.net.URI.<init>(URI.java:623)
		at java.base/java.net.URI.create(URI.java:904)
		at org.apache.cxf.jaxrs.impl.UriBuilderImpl.uri(UriBuilderImpl.java:944)
		at javax.ws.rs.core.UriBuilder.fromUri(UriBuilder.java:43)
		at org.apache.cxf.jaxrs.client.spec.ClientImpl.target(ClientImpl.java:120)
		at com.gjun.service.LineWebHookService.luisAIDemo(LineWebHookService.java:150)
		at com.gjun.service.LineWebHookService.receiveWebHook(LineWebHookService.java:61)
		at java.base/jdk.internal.reflect.NativeMethodAccessorImpl.invoke0(Native Method)
		at java.base/jdk.internal.reflect.NativeMethodAccessorImpl.invoke(NativeMethodAccessorImpl.java:62)
		at java.base/jdk.internal.reflect.DelegatingMethodAccessorImpl.invoke(DelegatingMethodAccessorImpl.java:43)
		at java.base/java.lang.reflect.Method.invoke(Method.java:564)
		at org.apache.openejb.server.cxf.rs.PojoInvoker.performInvocation(PojoInvoker.java:43)
		at org.apache.cxf.service.invoker.AbstractInvoker.invoke(AbstractInvoker.java:96)
		at org.apache.cxf.jaxrs.JAXRSInvoker.invoke(JAXRSInvoker.java:201)
		at org.apache.cxf.jaxrs.JAXRSInvoker.invoke(JAXRSInvoker.java:104)
		at org.apache.openejb.server.cxf.rs.AutoJAXRSInvoker.invoke(AutoJAXRSInvoker.java:68)
		at org.apache.cxf.interceptor.ServiceInvokerInterceptor$1.run(ServiceInvokerInterceptor.java:59)
		at org.apache.cxf.interceptor.ServiceInvokerInterceptor.handleMessage(ServiceInvokerInterceptor.java:96)
		at org.apache.cxf.phase.PhaseInterceptorChain.doIntercept(PhaseInterceptorChain.java:308)
		at org.apache.cxf.transport.ChainInitiationObserver.onMessage(ChainInitiationObserver.java:121)
		at org.apache.cxf.transport.http.AbstractHTTPDestination.invoke(AbstractHTTPDestination.java:267)
		at org.apache.openejb.server.cxf.rs.CxfRsHttpListener.doInvoke(CxfRsHttpListener.java:262)
		at org.apache.tomee.webservices.CXFJAXRSFilter.doFilter(CXFJAXRSFilter.java:99)
		at org.apache.catalina.core.ApplicationFilterChain.internalDoFilter(ApplicationFilterChain.java:193)
		at org.apache.catalina.core.ApplicationFilterChain.doFilter(ApplicationFilterChain.java:166)
		at org.apache.tomcat.websocket.server.WsFilter.doFilter(WsFilter.java:53)
		at org.apache.catalina.core.ApplicationFilterChain.internalDoFilter(ApplicationFilterChain.java:193)
		at org.apache.catalina.core.ApplicationFilterChain.doFilter(ApplicationFilterChain.java:166)
		at org.apache.openejb.server.httpd.EEFilter.doFilter(EEFilter.java:65)
		at org.apache.catalina.core.ApplicationFilterChain.internalDoFilter(ApplicationFilterChain.java:193)
		at org.apache.catalina.core.ApplicationFilterChain.doFilter(ApplicationFilterChain.java:166)
		at org.apache.catalina.core.StandardWrapperValve.invoke(StandardWrapperValve.java:202)
		at org.apache.catalina.core.StandardContextValve.invoke(StandardContextValve.java:96)
		at org.apache.tomee.catalina.OpenEJBValve.invoke(OpenEJBValve.java:45)
		at org.apache.catalina.authenticator.AuthenticatorBase.invoke(AuthenticatorBase.java:541)
		at org.apache.catalina.core.StandardHostValve.invoke(StandardHostValve.java:139)
		at org.apache.catalina.valves.ErrorReportValve.invoke(ErrorReportValve.java:92)
		at org.apache.tomee.catalina.OpenEJBSecurityListener$RequestCapturer.invoke(OpenEJBSecurityListener.java:97)
		at org.apache.catalina.valves.AbstractAccessLogValve.invoke(AbstractAccessLogValve.java:678)
		at org.apache.catalina.core.StandardEngineValve.invoke(StandardEngineValve.java:74)
		at org.apache.catalina.connector.CoyoteAdapter.service(CoyoteAdapter.java:343)
		at org.apache.coyote.http11.Http11Processor.service(Http11Processor.java:367)
		at org.apache.coyote.AbstractProcessorLight.process(AbstractProcessorLight.java:65)
		at org.apache.coyote.AbstractProtocol$ConnectionHandler.process(AbstractProtocol.java:860)
		at org.apache.tomcat.util.net.NioEndpoint$SocketProcessor.doRun(NioEndpoint.java:1598)
		at org.apache.tomcat.util.net.SocketProcessorBase.run(SocketProcessorBase.java:49)
		at java.base/java.util.concurrent.ThreadPoolExecutor.runWorker(ThreadPoolExecutor.java:1130)
		at java.base/java.util.concurrent.ThreadPoolExecutor$Worker.run(ThreadPoolExecutor.java:630)
		at org.apache.tomcat.util.threads.TaskThread$WrappingRunnable.run(TaskThread.java:61)
		at java.base/java.lang.Thread.run(Thread.java:832)
11-Jun-2021 13:15:12.074 SEVERE [http-nio-8080-exec-7] org.apache.catalina.core.StandardWrapperValve.invoke Servlet.service() for servlet [default] in context with path [/myweb] threw exception [Error processing webservice request] with root cause
	java.net.URISyntaxException: Illegal character in query at index 250: https://aiiot52eric.cognitiveservices.azure.com/luis/prediction/v3.0/apps/e1fc9f94-42b3-4e48-aa5f-d539b8bc0077/slots/production/predict?subscription-key=b08333531ce9416996d21271d87d07be&verbose=false&show-all-intents=false&log=false&query=我要查看一下教室899 的溫溼度狀態
		at java.base/java.net.URI$Parser.fail(URI.java:2938)
		at java.base/java.net.URI$Parser.checkChars(URI.java:3109)
		at java.base/java.net.URI$Parser.parseHierarchical(URI.java:3197)
		at java.base/java.net.URI$Parser.parse(URI.java:3139)
		at java.base/java.net.URI.<init>(URI.java:623)
		at java.base/java.net.URI.create(URI.java:904)
		at org.apache.cxf.jaxrs.impl.UriBuilderImpl.uri(UriBuilderImpl.java:944)
		at javax.ws.rs.core.UriBuilder.fromUri(UriBuilder.java:43)
		at org.apache.cxf.jaxrs.client.spec.ClientImpl.target(ClientImpl.java:120)
		at com.gjun.service.LineWebHookService.luisAIDemo(LineWebHookService.java:150)
		at com.gjun.service.LineWebHookService.receiveWebHook(LineWebHookService.java:61)
		at java.base/jdk.internal.reflect.NativeMethodAccessorImpl.invoke0(Native Method)
		at java.base/jdk.internal.reflect.NativeMethodAccessorImpl.invoke(NativeMethodAccessorImpl.java:62)
		at java.base/jdk.internal.reflect.DelegatingMethodAccessorImpl.invoke(DelegatingMethodAccessorImpl.java:43)
		at java.base/java.lang.reflect.Method.invoke(Method.java:564)
		at org.apache.openejb.server.cxf.rs.PojoInvoker.performInvocation(PojoInvoker.java:43)
		at org.apache.cxf.service.invoker.AbstractInvoker.invoke(AbstractInvoker.java:96)
		at org.apache.cxf.jaxrs.JAXRSInvoker.invoke(JAXRSInvoker.java:201)
		at org.apache.cxf.jaxrs.JAXRSInvoker.invoke(JAXRSInvoker.java:104)
		at org.apache.openejb.server.cxf.rs.AutoJAXRSInvoker.invoke(AutoJAXRSInvoker.java:68)
		at org.apache.cxf.interceptor.ServiceInvokerInterceptor$1.run(ServiceInvokerInterceptor.java:59)
		at org.apache.cxf.interceptor.ServiceInvokerInterceptor.handleMessage(ServiceInvokerInterceptor.java:96)
		at org.apache.cxf.phase.PhaseInterceptorChain.doIntercept(PhaseInterceptorChain.java:308)
		at org.apache.cxf.transport.ChainInitiationObserver.onMessage(ChainInitiationObserver.java:121)
		at org.apache.cxf.transport.http.AbstractHTTPDestination.invoke(AbstractHTTPDestination.java:267)
		at org.apache.openejb.server.cxf.rs.CxfRsHttpListener.doInvoke(CxfRsHttpListener.java:262)
		at org.apache.tomee.webservices.CXFJAXRSFilter.doFilter(CXFJAXRSFilter.java:99)
		at org.apache.catalina.core.ApplicationFilterChain.internalDoFilter(ApplicationFilterChain.java:193)
		at org.apache.catalina.core.ApplicationFilterChain.doFilter(ApplicationFilterChain.java:166)
		at org.apache.tomcat.websocket.server.WsFilter.doFilter(WsFilter.java:53)
		at org.apache.catalina.core.ApplicationFilterChain.internalDoFilter(ApplicationFilterChain.java:193)
		at org.apache.catalina.core.ApplicationFilterChain.doFilter(ApplicationFilterChain.java:166)
		at org.apache.openejb.server.httpd.EEFilter.doFilter(EEFilter.java:65)
		at org.apache.catalina.core.ApplicationFilterChain.internalDoFilter(ApplicationFilterChain.java:193)
		at org.apache.catalina.core.ApplicationFilterChain.doFilter(ApplicationFilterChain.java:166)
		at org.apache.catalina.core.StandardWrapperValve.invoke(StandardWrapperValve.java:202)
		at org.apache.catalina.core.StandardContextValve.invoke(StandardContextValve.java:96)
		at org.apache.tomee.catalina.OpenEJBValve.invoke(OpenEJBValve.java:45)
		at org.apache.catalina.authenticator.AuthenticatorBase.invoke(AuthenticatorBase.java:541)
		at org.apache.catalina.core.StandardHostValve.invoke(StandardHostValve.java:139)
		at org.apache.catalina.valves.ErrorReportValve.invoke(ErrorReportValve.java:92)
		at org.apache.tomee.catalina.OpenEJBSecurityListener$RequestCapturer.invoke(OpenEJBSecurityListener.java:97)
		at org.apache.catalina.valves.AbstractAccessLogValve.invoke(AbstractAccessLogValve.java:678)
		at org.apache.catalina.core.StandardEngineValve.invoke(StandardEngineValve.java:74)
		at org.apache.catalina.connector.CoyoteAdapter.service(CoyoteAdapter.java:343)
		at org.apache.coyote.http11.Http11Processor.service(Http11Processor.java:367)
		at org.apache.coyote.AbstractProcessorLight.process(AbstractProcessorLight.java:65)
		at org.apache.coyote.AbstractProtocol$ConnectionHandler.process(AbstractProtocol.java:860)
		at org.apache.tomcat.util.net.NioEndpoint$SocketProcessor.doRun(NioEndpoint.java:1598)
		at org.apache.tomcat.util.net.SocketProcessorBase.run(SocketProcessorBase.java:49)
		at java.base/java.util.concurrent.ThreadPoolExecutor.runWorker(ThreadPoolExecutor.java:1130)
		at java.base/java.util.concurrent.ThreadPoolExecutor$Worker.run(ThreadPoolExecutor.java:630)
		at org.apache.tomcat.util.threads.TaskThread$WrappingRunnable.run(TaskThread.java:61)
		at java.base/java.lang.Thread.run(Thread.java:832)
11-Jun-2021 13:29:46.627 INFO [Catalina-utility-1] org.apache.catalina.core.ApplicationContext.log Closing Spring root WebApplicationContext
11-Jun-2021 13:29:59.707 INFO [Catalina-utility-1] org.apache.catalina.core.ApplicationContext.log No Spring WebApplicationInitializer types detected on classpath
11-Jun-2021 13:29:59.915 INFO [Catalina-utility-1] org.apache.catalina.core.ApplicationContext.log Initializing Spring root WebApplicationContext
11-Jun-2021 13:35:28.803 INFO [Catalina-utility-2] org.apache.catalina.core.ApplicationContext.log Closing Spring root WebApplicationContext
11-Jun-2021 13:35:37.657 INFO [Catalina-utility-2] org.apache.catalina.core.ApplicationContext.log No Spring WebApplicationInitializer types detected on classpath
11-Jun-2021 13:35:37.709 INFO [Catalina-utility-2] org.apache.catalina.core.ApplicationContext.log Initializing Spring root WebApplicationContext
11-Jun-2021 16:43:31.062 INFO [Catalina-utility-2] org.apache.catalina.core.ApplicationContext.log Closing Spring root WebApplicationContext
11-Jun-2021 16:43:46.743 INFO [Catalina-utility-2] org.apache.catalina.core.ApplicationContext.log No Spring WebApplicationInitializer types detected on classpath
11-Jun-2021 16:43:46.802 INFO [Catalina-utility-2] org.apache.catalina.core.ApplicationContext.log Initializing Spring root WebApplicationContext
11-Jun-2021 17:01:36.238 INFO [Catalina-utility-2] org.apache.catalina.core.ApplicationContext.log Closing Spring root WebApplicationContext
11-Jun-2021 17:01:58.301 INFO [Catalina-utility-2] org.apache.catalina.core.ApplicationContext.log No Spring WebApplicationInitializer types detected on classpath
11-Jun-2021 17:01:58.391 INFO [Catalina-utility-2] org.apache.catalina.core.ApplicationContext.log Initializing Spring root WebApplicationContext
11-Jun-2021 17:34:07.753 INFO [Catalina-utility-2] org.apache.catalina.core.ApplicationContext.log Closing Spring root WebApplicationContext
11-Jun-2021 17:34:38.408 INFO [Catalina-utility-2] org.apache.catalina.core.ApplicationContext.log No Spring WebApplicationInitializer types detected on classpath
11-Jun-2021 17:34:38.907 INFO [Catalina-utility-2] org.apache.catalina.core.ApplicationContext.log Initializing Spring root WebApplicationContext
11-Jun-2021 17:35:05.188 SEVERE [http-nio-8080-exec-42] org.apache.catalina.core.StandardWrapperValve.invoke Servlet.service() for servlet [default] in context with path [/myweb] threw exception [Error processing webservice request] with root cause
	java.time.format.DateTimeParseException: Text '2021-06-11T07:48:38.211Z' could not be parsed, unparsed text found at index 23
		at java.base/java.time.format.DateTimeFormatter.parseResolved0(DateTimeFormatter.java:2053)
		at java.base/java.time.format.DateTimeFormatter.parse(DateTimeFormatter.java:1952)
		at java.base/java.time.LocalDateTime.parse(LocalDateTime.java:493)
		at java.base/java.time.LocalDateTime.parse(LocalDateTime.java:478)
		at org.apache.johnzon.jsonb.JohnzonBuilder$7.fromString(JohnzonBuilder.java:438)
		at org.apache.johnzon.jsonb.JohnzonBuilder$7.fromString(JohnzonBuilder.java:430)
		at org.apache.johnzon.mapper.internal.ConverterAdapter.to(ConverterAdapter.java:37)
		at org.apache.johnzon.mapper.internal.ConverterAdapter.to(ConverterAdapter.java:24)
		at org.apache.johnzon.mapper.MappingParserImpl.convertTo(MappingParserImpl.java:441)
		at org.apache.johnzon.mapper.MappingParserImpl.toValue(MappingParserImpl.java:924)
		at org.apache.johnzon.mapper.MappingParserImpl.buildObject(MappingParserImpl.java:340)
		at org.apache.johnzon.mapper.MappingParserImpl.readObject(MappingParserImpl.java:141)
		at org.apache.johnzon.mapper.MappingParserImpl.readObject(MappingParserImpl.java:131)
		at org.apache.johnzon.mapper.MappingParserImpl.readObject(MappingParserImpl.java:123)
		at org.apache.johnzon.mapper.Mapper.mapObject(Mapper.java:362)
		at org.apache.johnzon.mapper.Mapper.readObject(Mapper.java:295)
		at org.apache.johnzon.jsonb.JohnzonJsonb.fromJson(JohnzonJsonb.java:224)
		at org.apache.johnzon.jaxrs.jsonb.jaxrs.JsonbJaxrsProvider.readFrom(JsonbJaxrsProvider.java:187)
		at org.apache.cxf.jaxrs.utils.JAXRSUtils.readFromMessageBodyReader(JAXRSUtils.java:1406)
		at org.apache.cxf.jaxrs.impl.ResponseImpl.doReadEntity(ResponseImpl.java:370)
		at org.apache.cxf.jaxrs.impl.ResponseImpl.readEntity(ResponseImpl.java:314)
		at org.apache.cxf.jaxrs.impl.ResponseImpl.readEntity(ResponseImpl.java:304)
		at com.gjun.service.LineWebHookService.getSesnsorLastData(LineWebHookService.java:212)
		at java.base/jdk.internal.reflect.NativeMethodAccessorImpl.invoke0(Native Method)
		at java.base/jdk.internal.reflect.NativeMethodAccessorImpl.invoke(NativeMethodAccessorImpl.java:62)
		at java.base/jdk.internal.reflect.DelegatingMethodAccessorImpl.invoke(DelegatingMethodAccessorImpl.java:43)
		at java.base/java.lang.reflect.Method.invoke(Method.java:564)
		at org.apache.openejb.server.cxf.rs.PojoInvoker.performInvocation(PojoInvoker.java:43)
		at org.apache.cxf.service.invoker.AbstractInvoker.invoke(AbstractInvoker.java:96)
		at org.apache.cxf.jaxrs.JAXRSInvoker.invoke(JAXRSInvoker.java:201)
		at org.apache.cxf.jaxrs.JAXRSInvoker.invoke(JAXRSInvoker.java:104)
		at org.apache.openejb.server.cxf.rs.AutoJAXRSInvoker.invoke(AutoJAXRSInvoker.java:68)
		at org.apache.cxf.interceptor.ServiceInvokerInterceptor$1.run(ServiceInvokerInterceptor.java:59)
		at org.apache.cxf.interceptor.ServiceInvokerInterceptor.handleMessage(ServiceInvokerInterceptor.java:96)
		at org.apache.cxf.phase.PhaseInterceptorChain.doIntercept(PhaseInterceptorChain.java:308)
		at org.apache.cxf.transport.ChainInitiationObserver.onMessage(ChainInitiationObserver.java:121)
		at org.apache.cxf.transport.http.AbstractHTTPDestination.invoke(AbstractHTTPDestination.java:267)
		at org.apache.openejb.server.cxf.rs.CxfRsHttpListener.doInvoke(CxfRsHttpListener.java:262)
		at org.apache.tomee.webservices.CXFJAXRSFilter.doFilter(CXFJAXRSFilter.java:99)
		at org.apache.catalina.core.ApplicationFilterChain.internalDoFilter(ApplicationFilterChain.java:193)
		at org.apache.catalina.core.ApplicationFilterChain.doFilter(ApplicationFilterChain.java:166)
		at org.apache.tomcat.websocket.server.WsFilter.doFilter(WsFilter.java:53)
		at org.apache.catalina.core.ApplicationFilterChain.internalDoFilter(ApplicationFilterChain.java:193)
		at org.apache.catalina.core.ApplicationFilterChain.doFilter(ApplicationFilterChain.java:166)
		at org.apache.openejb.server.httpd.EEFilter.doFilter(EEFilter.java:65)
		at org.apache.catalina.core.ApplicationFilterChain.internalDoFilter(ApplicationFilterChain.java:193)
		at org.apache.catalina.core.ApplicationFilterChain.doFilter(ApplicationFilterChain.java:166)
		at org.apache.catalina.core.StandardWrapperValve.invoke(StandardWrapperValve.java:202)
		at org.apache.catalina.core.StandardContextValve.invoke(StandardContextValve.java:96)
		at org.apache.tomee.catalina.OpenEJBValve.invoke(OpenEJBValve.java:45)
		at org.apache.catalina.authenticator.AuthenticatorBase.invoke(AuthenticatorBase.java:541)
		at org.apache.catalina.core.StandardHostValve.invoke(StandardHostValve.java:139)
		at org.apache.catalina.valves.ErrorReportValve.invoke(ErrorReportValve.java:92)
		at org.apache.tomee.catalina.OpenEJBSecurityListener$RequestCapturer.invoke(OpenEJBSecurityListener.java:97)
		at org.apache.catalina.valves.AbstractAccessLogValve.invoke(AbstractAccessLogValve.java:678)
		at org.apache.catalina.core.StandardEngineValve.invoke(StandardEngineValve.java:74)
		at org.apache.catalina.connector.CoyoteAdapter.service(CoyoteAdapter.java:343)
		at org.apache.coyote.http11.Http11Processor.service(Http11Processor.java:367)
		at org.apache.coyote.AbstractProcessorLight.process(AbstractProcessorLight.java:65)
		at org.apache.coyote.AbstractProtocol$ConnectionHandler.process(AbstractProtocol.java:860)
		at org.apache.tomcat.util.net.NioEndpoint$SocketProcessor.doRun(NioEndpoint.java:1598)
		at org.apache.tomcat.util.net.SocketProcessorBase.run(SocketProcessorBase.java:49)
		at java.base/java.util.concurrent.ThreadPoolExecutor.runWorker(ThreadPoolExecutor.java:1130)
		at java.base/java.util.concurrent.ThreadPoolExecutor$Worker.run(ThreadPoolExecutor.java:630)
		at org.apache.tomcat.util.threads.TaskThread$WrappingRunnable.run(TaskThread.java:61)
		at java.base/java.lang.Thread.run(Thread.java:832)
11-Jun-2021 17:36:19.869 INFO [Catalina-utility-2] org.apache.catalina.core.ApplicationContext.log Closing Spring root WebApplicationContext
11-Jun-2021 17:36:51.270 INFO [Catalina-utility-2] org.apache.catalina.core.ApplicationContext.log No Spring WebApplicationInitializer types detected on classpath
11-Jun-2021 17:36:51.350 INFO [Catalina-utility-2] org.apache.catalina.core.ApplicationContext.log Initializing Spring root WebApplicationContext
